debconf: unable to initialize frontend: Dialog
debconf: (No usable dialog-like program is installed, so the dialog based frontend cannot be used. at /usr/share/perl5/Debconf/FrontEnd/Dialog.pm line 79, <STDIN> line 49.)
debconf: falling back to frontend: Readline
debconf: unable to initialize frontend: Readline
debconf: (Can't locate Term/ReadLine.pm in @INC (you may need to install the Term::ReadLine module) (@INC entries checked: /etc/perl /usr/local/lib/x86_64-linux-gnu/perl/5.40.1 /usr/local/share/perl/5.40.1 /usr/lib/x86_64-linux-gnu/perl5/5.40 /usr/share/perl5 /usr/lib/x86_64-linux-gnu/perl-base /usr/lib/x86_64-linux-gnu/perl/5.40 /usr/share/perl/5.40 /usr/local/lib/site_perl) at /usr/share/perl5/Debconf/FrontEnd/Readline.pm line 8, <STDIN> line 49.)
debconf: falling back to frontend: Teletype
Cloning into '/work'...
remote: Enumerating objects: 57, done.[K
remote: Counting objects:   8% (5/57)[K
remote: Counting objects:   8% (5/57)[K
remote: Counting objects:  19% (11/57)[K
remote: Counting objects:   8% (5/57)[K
remote: Counting objects:  19% (11/57)[K
remote: Counting objects:  29% (17/57)[K
remote: Counting objects:   8% (5/57)[K
remote: Counting objects:  19% (11/57)[K
remote: Counting objects:  29% (17/57)[K
remote: Counting objects:  40% (23/57)[K
remote: Counting objects:   8% (5/57)[K
remote: Counting objects:  19% (11/57)[K
remote: Counting objects:  29% (17/57)[K
remote: Counting objects:  40% (23/57)[K
remote: Counting objects:  50% (29/57)[K
remote: Counting objects:   8% (5/57)[K
remote: Counting objects:  19% (11/57)[K
remote: Counting objects:  29% (17/57)[K
remote: Counting objects:  40% (23/57)[K
remote: Counting objects:  50% (29/57)[K
remote: Counting objects:  61% (35/57)[K
remote: Counting objects:   8% (5/57)[K
remote: Counting objects:  19% (11/57)[K
remote: Counting objects:  29% (17/57)[K
remote: Counting objects:  40% (23/57)[K
remote: Counting objects:  50% (29/57)[K
remote: Counting objects:  61% (35/57)[K
remote: Counting objects:  71% (41/57)[K
remote: Counting objects:   8% (5/57)[K
remote: Counting objects:  19% (11/57)[K
remote: Counting objects:  29% (17/57)[K
remote: Counting objects:  40% (23/57)[K
remote: Counting objects:  50% (29/57)[K
remote: Counting objects:  61% (35/57)[K
remote: Counting objects:  71% (41/57)[K
remote: Counting objects:  82% (47/57)[K
remote: Counting objects:   8% (5/57)[K
remote: Counting objects:  19% (11/57)[K
remote: Counting objects:  29% (17/57)[K
remote: Counting objects:  40% (23/57)[K
remote: Counting objects:  50% (29/57)[K
remote: Counting objects:  61% (35/57)[K
remote: Counting objects:  71% (41/57)[K
remote: Counting objects:  82% (47/57)[K
remote: Counting objects:  92% (53/57)[K
remote: Compressing objects:  10% (5/48)[K
remote: Compressing objects:  10% (5/48)[K
remote: Compressing objects:  20% (10/48)[K
remote: Compressing objects:  10% (5/48)[K
remote: Compressing objects:  20% (10/48)[K
remote: Compressing objects:  31% (15/48)[K
remote: Compressing objects:  10% (5/48)[K
remote: Compressing objects:  20% (10/48)[K
remote: Compressing objects:  31% (15/48)[K
remote: Compressing objects:  41% (20/48)[K
remote: Compressing objects:  10% (5/48)[K
remote: Compressing objects:  20% (10/48)[K
remote: Compressing objects:  31% (15/48)[K
remote: Compressing objects:  41% (20/48)[K
remote: Compressing objects:  52% (25/48)[K
remote: Compressing objects:  10% (5/48)[K
remote: Compressing objects:  20% (10/48)[K
remote: Compressing objects:  31% (15/48)[K
remote: Compressing objects:  41% (20/48)[K
remote: Compressing objects:  52% (25/48)[K
remote: Compressing objects:  62% (30/48)[K
remote: Compressing objects:  10% (5/48)[K
remote: Compressing objects:  20% (10/48)[K
remote: Compressing objects:  31% (15/48)[K
remote: Compressing objects:  41% (20/48)[K
remote: Compressing objects:  52% (25/48)[K
remote: Compressing objects:  62% (30/48)[K
remote: Compressing objects:  72% (35/48)[K
remote: Compressing objects:  10% (5/48)[K
remote: Compressing objects:  20% (10/48)[K
remote: Compressing objects:  31% (15/48)[K
remote: Compressing objects:  41% (20/48)[K
remote: Compressing objects:  52% (25/48)[K
remote: Compressing objects:  62% (30/48)[K
remote: Compressing objects:  72% (35/48)[K
remote: Compressing objects:  83% (40/48)[K
remote: Compressing objects:  10% (5/48)[K
remote: Compressing objects:  20% (10/48)[K
remote: Compressing objects:  31% (15/48)[K
remote: Compressing objects:  41% (20/48)[K
remote: Compressing objects:  52% (25/48)[K
remote: Compressing objects:  62% (30/48)[K
remote: Compressing objects:  72% (35/48)[K
remote: Compressing objects:  83% (40/48)[K
remote: Compressing objects:  93% (45/48)[K
Receiving objects:   8% (5/57)
Receiving objects:   8% (5/57)
Receiving objects:  19% (11/57)
Receiving objects:   8% (5/57)
Receiving objects:  19% (11/57)
Receiving objects:  29% (17/57)
Receiving objects:   8% (5/57)
Receiving objects:  19% (11/57)
Receiving objects:  29% (17/57)
Receiving objects:  40% (23/57)
Receiving objects:   8% (5/57)
Receiving objects:  19% (11/57)
Receiving objects:  29% (17/57)
Receiving objects:  40% (23/57)
Receiving objects:  50% (29/57)
Receiving objects:   8% (5/57)
Receiving objects:  19% (11/57)
Receiving objects:  29% (17/57)
Receiving objects:  40% (23/57)
Receiving objects:  50% (29/57)
Receiving objects:  59% (34/57)
Receiving objects:   8% (5/57)
Receiving objects:  19% (11/57)
Receiving objects:  29% (17/57)
Receiving objects:  40% (23/57)
Receiving objects:  50% (29/57)
Receiving objects:  59% (34/57)
Receiving objects:  70% (40/57)
Receiving objects:   8% (5/57)
Receiving objects:  19% (11/57)
Receiving objects:  29% (17/57)
Receiving objects:  40% (23/57)
Receiving objects:  50% (29/57)
Receiving objects:  59% (34/57)
Receiving objects:  70% (40/57)
Receiving objects:  80% (46/57)
Receiving objects:   8% (5/57)
Receiving objects:  19% (11/57)
Receiving objects:  29% (17/57)
Receiving objects:  40% (23/57)
Receiving objects:  50% (29/57)
Receiving objects:  59% (34/57)
Receiving objects:  70% (40/57)
Receiving objects:  80% (46/57)
Receiving objects:  91% (52/57)
Receiving objects: 100% (57/57)
Receiving objects: 100% (57/57)
Receiving objects: 100% (57/57), 1.76 MiB | 81.72 MiB/s, done.
Resolving deltas:   0% (0/7)
Resolving deltas:   0% (0/7)
Resolving deltas:  14% (1/7)
Resolving deltas:   0% (0/7)
Resolving deltas:  14% (1/7)
Resolving deltas:  28% (2/7)
Resolving deltas:   0% (0/7)
Resolving deltas:  14% (1/7)
Resolving deltas:  28% (2/7)
Resolving deltas:  57% (4/7)
Resolving deltas:   0% (0/7)
Resolving deltas:  14% (1/7)
Resolving deltas:  28% (2/7)
Resolving deltas:  57% (4/7)
Resolving deltas:  71% (5/7)
Resolving deltas:   0% (0/7)
Resolving deltas:  14% (1/7)
Resolving deltas:  28% (2/7)
Resolving deltas:  57% (4/7)
Resolving deltas:  71% (5/7)
Resolving deltas:  85% (6/7)
Resolving deltas:   0% (0/7)
Resolving deltas:  14% (1/7)
Resolving deltas:  28% (2/7)
Resolving deltas:  57% (4/7)
Resolving deltas:  71% (5/7)
Resolving deltas:  85% (6/7)
Resolving deltas: 100% (7/7)
Resolving deltas:   0% (0/7)
Resolving deltas:  14% (1/7)
Resolving deltas:  28% (2/7)
Resolving deltas:  57% (4/7)
Resolving deltas:  71% (5/7)
Resolving deltas:  85% (6/7)
Resolving deltas: 100% (7/7)
Resolving deltas: 100% (7/7), done.
[33mWARNING: Running pip as the 'root' user can result in broken permissions and conflicting behaviour with the system package manager. It is recommended to use a virtual environment instead: https://pip.pypa.io/warnings/venv[0m[33m
[0m
[1m[[0m[34;49mnotice[0m[1;39;49m][0m[39;49m A new release of pip is available: [0m[31;49m24.0[0m[39;49m -> [0m[32;49m26.1.2[0m
[1m[[0m[34;49mnotice[0m[1;39;49m][0m[39;49m To update, run: [0m[32;49mpip install --upgrade pip[0m
[33mWARNING: Running pip as the 'root' user can result in broken permissions and conflicting behaviour with the system package manager. It is recommended to use a virtual environment instead: https://pip.pypa.io/warnings/venv[0m[33m
[0m
[1m[[0m[34;49mnotice[0m[1;39;49m][0m[39;49m A new release of pip is available: [0m[31;49m24.0[0m[39;49m -> [0m[32;49m26.1.2[0m
[1m[[0m[34;49mnotice[0m[1;39;49m][0m[39;49m To update, run: [0m[32;49mpip install --upgrade pip[0m
JAX backend : gpu
Device      : [CudaDevice(id=0)]
Run         : v20-gamma0997
Config      : entropy=0.0003  train_iter=4000  n_envs=16  batch=16  seq_len=64
Optim       : lr_wm=1.0e-04  lr_ac=1.0e-04  lr_alpha=1.0e-03  grad_clip=1.0  horizon=16
Replay      : collect/iter=32  wm_train/iter=4  ac_train/iter=1  → train_ratio≈128
Flags       : adaptive_alpha=False  auto_explore=False  use_rnd=False

Adaptive α : OFF (entropy_coef fixe = 0.0003)
RND        : OFF
Auto-explore : OFF

============================================================
Architecture
============================================================
  WM modules (CNNEnc+RSSM+CNNDec+heads) : 12,386,691 params
  Actor + Critic                        : 2,872,592 params
  TOTAL                                 : 15,259,283 params (~15.26M)

Output dirs : runs=/work/runs  checkpoints=/work/checkpoints

============================================================
Phase 0 : Warmup random (5000 steps, 16 envs)
============================================================
Buffer : 4992 transitions en 17.3s
         Mémoire buffer : 6150.0 MB

============================================================
Phase 1 : Training Dreamer JAX (4000 itérations)
============================================================
[Phase 13] Safeguards : warmup=5000  adaptive_rnd=True  health_auto_stop=False  h_target_schedule=True [1.13→1.13 over 10000]
[MP] Pool multiprocessing initialisé (16 workers)
  iter    50/4000 [ 1.2%] | WM wm=175.27 rec=172.58 kl=2.46 rew=0.207 con=0.025 | AC act=0.135 crit=4.052 pg=0.135 H=2.13 | img ret=0.09 val=0.02 scale=1.00 p5=-0.02 p95=0.06 | r/step=0.0318 | 0.6 ips ETA 1h46
  iter   100/4000 [ 2.5%] | WM wm=101.75 rec=98.89 kl=2.65 rew=0.189 con=0.020 | AC act=0.010 crit=2.093 pg=0.010 H=0.10 | img ret=0.19 val=0.08 scale=1.00 p5=0.02 p95=0.14 | r/step=-0.0002 | 1.0 ips ETA 1h02
  [health] WARN H_collapse: H=0.10
  iter   150/4000 [ 3.8%] | WM wm=91.43 rec=88.64 kl=2.64 rew=0.128 con=0.024 | AC act=0.010 crit=2.002 pg=0.011 H=0.35 | img ret=0.17 val=0.11 scale=1.00 p5=0.02 p95=0.22 | r/step=-0.0002 | 1.4 ips ETA 47m23
  iter   200/4000 [ 5.0%] | WM wm=62.86 rec=60.01 kl=2.67 rew=0.160 con=0.015 | AC act=-0.000 crit=1.668 pg=-0.000 H=0.10 | img ret=0.13 val=0.13 scale=1.00 p5=0.01 p95=0.26 | r/step=-0.0036 | 1.6 ips ETA 39m28
  [health] WARN H_collapse: H=0.10
  iter   250/4000 [ 6.2%] | WM wm=65.09 rec=62.69 kl=2.23 rew=0.138 con=0.024 | AC act=-0.000 crit=1.386 pg=-0.000 H=0.08 | img ret=0.11 val=0.11 scale=1.00 p5=-0.02 p95=0.27 | r/step=-0.0053 | 1.8 ips ETA 34m26
  [health] WARN H_collapse: H=0.08
  iter   300/4000 [ 7.5%] | WM wm=42.00 rec=39.87 kl=1.94 rew=0.173 con=0.022 | AC act=0.000 crit=1.120 pg=0.000 H=0.08 | img ret=0.11 val=0.12 scale=1.00 p5=-0.06 p95=0.26 | r/step=-0.0036 | 1.9 ips ETA 31m42
  [health] WARN H_collapse: H=0.08
  iter   350/4000 [ 8.8%] | WM wm=59.24 rec=56.31 kl=2.78 rew=0.130 con=0.023 | AC act=-0.005 crit=1.332 pg=-0.005 H=0.08 | img ret=-0.01 val=0.04 scale=1.00 p5=-0.10 p95=0.25 | r/step=-0.0057 | 2.1 ips ETA 29m12
  [health] WARN H_collapse: H=0.08
  iter   400/4000 [10.0%] | WM wm=44.14 rec=41.63 kl=2.36 rew=0.132 con=0.016 | AC act=-0.003 crit=1.148 pg=-0.003 H=0.08 | img ret=0.01 val=0.04 scale=1.00 p5=-0.14 p95=0.24 | r/step=-0.0018 | 2.2 ips ETA 27m17
  [health] WARN H_collapse: H=0.08
  [health] WARN FATAL: H_collapse persistent (consec=5)
  iter   450/4000 [11.2%] | WM wm=40.07 rec=37.18 kl=2.71 rew=0.155 con=0.023 | AC act=-0.010 crit=1.811 pg=-0.010 H=0.35 | img ret=0.12 val=0.11 scale=1.00 p5=-0.19 p95=0.25 | r/step=-0.0080 | 2.3 ips ETA 25m59
  iter   500/4000 [12.5%] | WM wm=36.57 rec=33.25 kl=3.16 rew=0.147 con=0.020 | AC act=0.014 crit=1.688 pg=0.014 H=0.57 | img ret=0.14 val=0.11 scale=1.00 p5=-0.24 p95=0.37 | r/step=-0.0008 | 2.4 ips ETA 24m44
  >>> EVAL @ iter 500 : score=-0.90  length=146  achievements=0.00 =  sample=0.40  (best=0.00 @0)
      unlocked (0/22): — aucun achievement débloqué
  Checkpoint saved : dreamer_crafter_jax_v20-gamma0997_iter000500.npz
  iter   550/4000 [13.8%] | WM wm=49.97 rec=46.48 kl=3.25 rew=0.201 con=0.032 | AC act=-0.001 crit=1.510 pg=-0.001 H=0.08 | img ret=0.12 val=0.13 scale=1.00 p5=-0.27 p95=0.43 | r/step=-0.0070 | 2.2 ips ETA 26m19
  [health] WARN H_collapse: H=0.08
  iter   600/4000 [15.0%] | WM wm=39.83 rec=37.01 kl=2.73 rew=0.082 con=0.005 | AC act=-0.002 crit=1.330 pg=-0.002 H=0.08 | img ret=0.06 val=0.08 scale=1.00 p5=-0.30 p95=0.43 | r/step=-0.0049 | 2.3 ips ETA 25m09
  [health] WARN H_collapse: H=0.08
  iter   650/4000 [16.2%] | WM wm=40.42 rec=37.14 kl=3.12 rew=0.151 con=0.019 | AC act=-0.001 crit=1.494 pg=-0.001 H=0.08 | img ret=0.05 val=0.07 scale=1.00 p5=-0.34 p95=0.43 | r/step=-0.0037 | 2.3 ips ETA 24m14
  [health] WARN H_collapse: H=0.08
  iter   700/4000 [17.5%] | WM wm=32.40 rec=29.83 kl=2.51 rew=0.053 con=0.008 | AC act=-0.002 crit=1.375 pg=-0.002 H=0.08 | img ret=0.02 val=0.05 scale=1.00 p5=-0.37 p95=0.41 | r/step=-0.0089 | 2.3 ips ETA 23m27
  [health] WARN H_collapse: H=0.08
  iter   750/4000 [18.8%] | WM wm=38.35 rec=34.61 kl=3.57 rew=0.159 con=0.021 | AC act=-0.003 crit=1.393 pg=-0.003 H=0.08 | img ret=-0.13 val=-0.09 scale=1.00 p5=-0.40 p95=0.39 | r/step=-0.0050 | 2.4 ips ETA 22m42
  [health] WARN H_collapse: H=0.08
  [health] WARN FATAL: H_collapse persistent (consec=5)
  iter   800/4000 [20.0%] | WM wm=28.48 rec=25.11 kl=3.20 rew=0.152 con=0.022 | AC act=-0.002 crit=1.405 pg=-0.002 H=0.08 | img ret=-0.15 val=-0.12 scale=1.00 p5=-0.43 p95=0.36 | r/step=-0.0057 | 2.4 ips ETA 22m01
  [health] WARN H_collapse: H=0.08
  [health] WARN FATAL: H_collapse persistent (consec=6)
  iter   850/4000 [21.2%] | WM wm=25.48 rec=22.59 kl=2.81 rew=0.072 con=0.009 | AC act=-0.004 crit=1.446 pg=-0.004 H=0.08 | img ret=-0.12 val=-0.08 scale=1.00 p5=-0.46 p95=0.33 | r/step=-0.0034 | 2.5 ips ETA 21m15
  [health] WARN H_collapse: H=0.08
  [health] WARN FATAL: H_collapse persistent (consec=7)
  iter   900/4000 [22.5%] | WM wm=30.49 rec=27.40 kl=2.93 rew=0.132 con=0.025 | AC act=-0.002 crit=1.411 pg=-0.002 H=0.08 | img ret=-0.31 val=-0.28 scale=1.00 p5=-0.49 p95=0.30 | r/step=-0.0063 | 2.5 ips ETA 20m39
  [health] WARN H_collapse: H=0.08
  [health] WARN FATAL: H_collapse persistent (consec=8)
  iter   950/4000 [23.8%] | WM wm=34.06 rec=30.63 kl=3.29 rew=0.133 con=0.015 | AC act=-0.002 crit=1.533 pg=-0.002 H=0.08 | img ret=-0.22 val=-0.20 scale=1.00 p5=-0.53 p95=0.26 | r/step=-0.0051 | 2.5 ips ETA 19m57
  [health] WARN H_collapse: H=0.08
  [health] WARN FATAL: H_collapse persistent (consec=9)
  iter  1000/4000 [25.0%] | WM wm=29.62 rec=26.13 kl=3.34 rew=0.131 con=0.020 | AC act=-0.003 crit=1.339 pg=-0.003 H=0.08 | img ret=-0.19 val=-0.16 scale=1.00 p5=-0.55 p95=0.23 | r/step=-0.0049 | 2.6 ips ETA 19m30
  [health] WARN H_collapse: H=0.08
  [health] WARN FATAL: H_collapse persistent (consec=10)
  >>> EVAL @ iter 1000 : score=-0.90  length=158  achievements=0.00 =  sample=0.20  (best=0.00 @0)
      unlocked (0/22): — aucun achievement débloqué
  Checkpoint saved : dreamer_crafter_jax_v20-gamma0997_iter001000.npz
  iter  1050/4000 [26.2%] | WM wm=21.79 rec=18.82 kl=2.86 rew=0.085 con=0.027 | AC act=-0.002 crit=1.351 pg=-0.002 H=0.08 | img ret=-0.26 val=-0.24 scale=1.00 p5=-0.56 p95=0.19 | r/step=-0.0060 | 2.5 ips ETA 20m01
  [health] WARN H_collapse: H=0.08
  [health] WARN FATAL: H_collapse persistent (consec=11)
  iter  1100/4000 [27.5%] | WM wm=30.55 rec=27.31 kl=3.13 rew=0.095 con=0.012 | AC act=-0.000 crit=1.393 pg=-0.000 H=0.08 | img ret=-0.20 val=-0.18 scale=1.00 p5=-0.59 p95=0.16 | r/step=-0.0066 | 2.5 ips ETA 19m26
  [health] WARN H_collapse: H=0.08
  [health] WARN FATAL: H_collapse persistent (consec=12)
  iter  1150/4000 [28.8%] | WM wm=26.74 rec=23.43 kl=3.13 rew=0.149 con=0.028 | AC act=-0.002 crit=1.359 pg=-0.002 H=0.08 | img ret=-0.22 val=-0.20 scale=1.00 p5=-0.61 p95=0.14 | r/step=-0.0063 | 2.5 ips ETA 18m53
  [health] WARN H_collapse: H=0.08
  [health] WARN FATAL: H_collapse persistent (consec=13)
  iter  1200/4000 [30.0%] | WM wm=20.64 rec=17.66 kl=2.85 rew=0.105 con=0.025 | AC act=-0.003 crit=1.275 pg=-0.003 H=0.08 | img ret=-0.32 val=-0.28 scale=1.00 p5=-0.63 p95=0.12 | r/step=-0.0039 | 2.5 ips ETA 18m24
  [health] WARN H_collapse: H=0.08
  [health] WARN FATAL: H_collapse persistent (consec=14)
  iter  1250/4000 [31.2%] | WM wm=29.03 rec=25.59 kl=3.32 rew=0.097 con=0.022 | AC act=-0.002 crit=1.223 pg=-0.002 H=0.08 | img ret=-0.38 val=-0.36 scale=1.00 p5=-0.65 p95=0.08 | r/step=-0.0060 | 2.6 ips ETA 17m54
  [health] WARN H_collapse: H=0.08
  [health] WARN FATAL: H_collapse persistent (consec=15)
  iter  1300/4000 [32.5%] | WM wm=25.60 rec=21.83 kl=3.64 rew=0.113 con=0.014 | AC act=-0.002 crit=1.186 pg=-0.002 H=0.08 | img ret=-0.40 val=-0.38 scale=1.00 p5=-0.67 p95=0.06 | r/step=-0.0028 | 2.6 ips ETA 17m24
  [health] WARN H_collapse: H=0.08
  [health] WARN FATAL: H_collapse persistent (consec=16)
  iter  1350/4000 [33.8%] | WM wm=18.48 rec=15.48 kl=2.87 rew=0.108 con=0.017 | AC act=-0.002 crit=1.101 pg=-0.002 H=0.08 | img ret=-0.52 val=-0.50 scale=1.00 p5=-0.69 p95=0.04 | r/step=-0.0052 | 2.6 ips ETA 16m58
  [health] WARN H_collapse: H=0.08
  [health] WARN FATAL: H_collapse persistent (consec=17)
  iter  1400/4000 [35.0%] | WM wm=28.35 rec=24.77 kl=3.41 rew=0.141 con=0.018 | AC act=-0.001 crit=1.277 pg=-0.001 H=0.08 | img ret=-0.40 val=-0.37 scale=1.00 p5=-0.71 p95=-0.01 | r/step=-0.0032 | 2.6 ips ETA 16m33
  [health] WARN H_collapse: H=0.08
  [health] WARN FATAL: H_collapse persistent (consec=18)
  iter  1450/4000 [36.2%] | WM wm=22.69 rec=19.21 kl=3.33 rew=0.145 con=0.013 | AC act=-0.001 crit=1.309 pg=-0.001 H=0.08 | img ret=-0.43 val=-0.40 scale=1.00 p5=-0.74 p95=-0.01 | r/step=-0.0040 | 2.6 ips ETA 16m07
  [health] WARN H_collapse: H=0.08
  [health] WARN FATAL: H_collapse persistent (consec=19)
  iter  1500/4000 [37.5%] | WM wm=20.48 rec=17.06 kl=3.34 rew=0.075 con=0.016 | AC act=-0.001 crit=1.256 pg=-0.001 H=0.08 | img ret=-0.39 val=-0.37 scale=1.00 p5=-0.76 p95=-0.03 | r/step=-0.0066 | 2.6 ips ETA 15m46
  [health] WARN H_collapse: H=0.08
  [health] WARN FATAL: H_collapse persistent (consec=20)
  >>> EVAL @ iter 1500 : score=-0.90  length=159  achievements=0.00 =  sample=0.00  (best=0.00 @0)
      unlocked (0/22): — aucun achievement débloqué
  Checkpoint saved : dreamer_crafter_jax_v20-gamma0997_iter001500.npz
  iter  1550/4000 [38.8%] | WM wm=22.09 rec=18.67 kl=3.27 rew=0.139 con=0.018 | AC act=-0.001 crit=1.316 pg=-0.001 H=0.08 | img ret=-0.45 val=-0.43 scale=1.00 p5=-0.78 p95=-0.05 | r/step=-0.0057 | 2.6 ips ETA 15m59
  [health] WARN H_collapse: H=0.08
  [health] WARN FATAL: H_collapse persistent (consec=21)
  iter  1600/4000 [40.0%] | WM wm=20.61 rec=17.41 kl=3.05 rew=0.122 con=0.025 | AC act=-0.000 crit=1.264 pg=-0.000 H=0.08 | img ret=-0.50 val=-0.48 scale=1.00 p5=-0.81 p95=-0.07 | r/step=-0.0043 | 2.6 ips ETA 15m30
  [health] WARN H_collapse: H=0.08
  [health] WARN FATAL: H_collapse persistent (consec=22)
  iter  1650/4000 [41.2%] | WM wm=19.13 rec=15.98 kl=3.08 rew=0.073 con=0.006 | AC act=0.017 crit=4.497 pg=0.017 H=0.13 | img ret=0.15 val=-0.13 scale=1.00 p5=-0.83 p95=0.00 | r/step=-0.0073 | 2.6 ips ETA 15m07
  [health] WARN H_collapse: H=0.13
  [health] WARN FATAL: H_collapse persistent (consec=23)
  iter  1700/4000 [42.5%] | WM wm=28.61 rec=24.59 kl=3.94 rew=0.072 con=0.008 | AC act=0.001 crit=1.902 pg=0.001 H=0.08 | img ret=-0.19 val=-0.21 scale=1.00 p5=-0.75 p95=0.21 | r/step=-0.0045 | 2.6 ips ETA 14m41
  [health] WARN H_collapse: H=0.08
  [health] WARN FATAL: H_collapse persistent (consec=24)
  iter  1750/4000 [43.8%] | WM wm=30.62 rec=26.36 kl=4.18 rew=0.071 con=0.008 | AC act=-0.001 crit=1.661 pg=-0.001 H=0.08 | img ret=-0.35 val=-0.35 scale=1.06 p5=-0.75 p95=0.31 | r/step=-0.0042 | 2.6 ips ETA 14m19
  [health] WARN H_collapse: H=0.08
  [health] WARN FATAL: H_collapse persistent (consec=25)
  iter  1800/4000 [45.0%] | WM wm=21.09 rec=17.92 kl=3.11 rew=0.057 con=0.007 | AC act=0.001 crit=1.690 pg=0.001 H=0.08 | img ret=-0.16 val=-0.16 scale=1.09 p5=-0.76 p95=0.33 | r/step=-0.0021 | 2.6 ips ETA 13m52
  [health] WARN H_collapse: H=0.08
  [health] WARN FATAL: H_collapse persistent (consec=26)
  iter  1850/4000 [46.2%] | WM wm=20.94 rec=17.85 kl=2.99 rew=0.080 con=0.010 | AC act=0.006 crit=1.460 pg=0.006 H=0.11 | img ret=-0.31 val=-0.31 scale=1.10 p5=-0.76 p95=0.33 | r/step=-0.0064 | 2.7 ips ETA 13m31
  [health] WARN H_collapse: H=0.11
  [health] WARN FATAL: H_collapse persistent (consec=27)
  iter  1900/4000 [47.5%] | WM wm=31.57 rec=28.02 kl=3.48 rew=0.064 con=0.014 | AC act=0.004 crit=1.933 pg=0.004 H=0.24 | img ret=-0.09 val=-0.10 scale=1.37 p5=-0.73 p95=0.64 | r/step=0.0061 | 2.7 ips ETA 13m06
  [health] WARN H_collapse: H=0.24
  [health] WARN FATAL: H_collapse persistent (consec=28)
  iter  1950/4000 [48.8%] | WM wm=21.82 rec=18.29 kl=3.43 rew=0.087 con=0.010 | AC act=0.012 crit=2.222 pg=0.012 H=0.26 | img ret=0.17 val=0.11 scale=1.51 p5=-0.69 p95=0.82 | r/step=-0.0016 | 2.7 ips ETA 12m46
  [health] WARN H_collapse: H=0.26
  [health] WARN FATAL: H_collapse persistent (consec=29)
  iter  2000/4000 [50.0%] | WM wm=24.44 rec=21.04 kl=3.28 rew=0.108 con=0.013 | AC act=-0.001 crit=1.827 pg=-0.000 H=0.22 | img ret=-0.17 val=-0.17 scale=1.63 p5=-0.68 p95=0.95 | r/step=0.0025 | 2.7 ips ETA 12m24
  [health] WARN H_collapse: H=0.22
  [health] WARN FATAL: H_collapse persistent (consec=30)
  >>> EVAL @ iter 2000 : score=-0.00  length=145  achievements=0.90 ↑  sample=0.80  (best=0.90 @2000)
      unlocked (1/22): wake_up=90%
  Checkpoint saved : dreamer_crafter_jax_v20-gamma0997_iter002000.npz
  iter  2050/4000 [51.2%] | WM wm=28.81 rec=24.62 kl=4.03 rew=0.132 con=0.015 | AC act=0.002 crit=1.659 pg=0.002 H=0.22 | img ret=-0.07 val=-0.07 scale=1.73 p5=-0.67 p95=1.06 | r/step=0.0019 | 2.6 ips ETA 12m27
  [health] WARN H_collapse: H=0.22
  [health] WARN FATAL: H_collapse persistent (consec=31)
  iter  2100/4000 [52.5%] | WM wm=36.31 rec=32.00 kl=4.22 rew=0.081 con=0.016 | AC act=0.002 crit=1.874 pg=0.002 H=0.22 | img ret=0.09 val=0.04 scale=1.80 p5=-0.70 p95=1.11 | r/step=-0.0004 | 2.6 ips ETA 12m03
  [health] WARN H_collapse: H=0.22
  [health] WARN FATAL: H_collapse persistent (consec=32)
  iter  2150/4000 [53.8%] | WM wm=21.90 rec=18.28 kl=3.53 rew=0.078 con=0.012 | AC act=0.003 crit=1.715 pg=0.003 H=0.31 | img ret=-0.04 val=-0.08 scale=1.83 p5=-0.69 p95=1.13 | r/step=0.0054 | 2.6 ips ETA 11m41
  iter  2200/4000 [55.0%] | WM wm=27.69 rec=23.39 kl=4.20 rew=0.076 con=0.013 | AC act=-0.000 crit=1.801 pg=-0.000 H=0.33 | img ret=-0.01 val=-0.02 scale=1.88 p5=-0.70 p95=1.18 | r/step=0.0092 | 2.6 ips ETA 11m19
  iter  2250/4000 [56.2%] | WM wm=33.50 rec=28.89 kl=4.51 rew=0.078 con=0.015 | AC act=0.011 crit=2.228 pg=0.011 H=0.23 | img ret=0.35 val=0.20 scale=1.97 p5=-0.71 p95=1.27 | r/step=0.0145 | 2.7 ips ETA 10m57
  [health] WARN H_collapse: H=0.23
  iter  2300/4000 [57.5%] | WM wm=22.20 rec=18.56 kl=3.54 rew=0.094 con=0.010 | AC act=0.003 crit=1.935 pg=0.003 H=0.24 | img ret=0.15 val=0.07 scale=2.05 p5=-0.72 p95=1.33 | r/step=0.0075 | 2.7 ips ETA 10m36
  [health] WARN H_collapse: H=0.24
  iter  2350/4000 [58.8%] | WM wm=23.38 rec=19.98 kl=3.31 rew=0.084 con=0.009 | AC act=0.000 crit=1.738 pg=0.001 H=0.25 | img ret=0.17 val=0.16 scale=2.15 p5=-0.71 p95=1.44 | r/step=0.0103 | 2.7 ips ETA 10m17
  [health] WARN H_collapse: H=0.25
  iter  2400/4000 [60.0%] | WM wm=23.87 rec=20.08 kl=3.66 rew=0.116 con=0.010 | AC act=0.000 crit=1.689 pg=0.000 H=0.23 | img ret=0.06 val=0.04 scale=2.22 p5=-0.72 p95=1.50 | r/step=0.0114 | 2.7 ips ETA 9m55
  [health] WARN H_collapse: H=0.23
  iter  2450/4000 [61.2%] | WM wm=22.83 rec=19.06 kl=3.66 rew=0.102 con=0.016 | AC act=-0.004 crit=1.698 pg=-0.004 H=0.21 | img ret=0.09 val=0.10 scale=2.23 p5=-0.71 p95=1.51 | r/step=0.0124 | 2.7 ips ETA 9m35
  [health] WARN H_collapse: H=0.21
  [health] WARN FATAL: H_collapse persistent (consec=5)
  iter  2500/4000 [62.5%] | WM wm=21.17 rec=16.81 kl=4.24 rew=0.110 con=0.014 | AC act=0.001 crit=1.724 pg=0.001 H=0.18 | img ret=0.21 val=0.19 scale=2.27 p5=-0.71 p95=1.56 | r/step=0.0029 | 2.7 ips ETA 9m13
  [health] WARN H_collapse: H=0.18
  [health] WARN FATAL: H_collapse persistent (consec=6)
  >>> EVAL @ iter 2500 : score=1.30  length=148  achievements=2.20 ↑  sample=1.80  (best=2.20 @2500)
      unlocked (3/22): collect_sapling=100%  wake_up=100%  eat_cow=20%
  Checkpoint saved : dreamer_crafter_jax_v20-gamma0997_iter002500.npz
  iter  2550/4000 [63.8%] | WM wm=25.36 rec=21.73 kl=3.54 rew=0.084 con=0.009 | AC act=0.000 crit=1.499 pg=0.000 H=0.19 | img ret=-0.08 val=-0.08 scale=2.27 p5=-0.71 p95=1.55 | r/step=0.0127 | 2.6 ips ETA 9m07
  [health] WARN H_collapse: H=0.19
  [health] WARN FATAL: H_collapse persistent (consec=7)
  iter  2600/4000 [65.0%] | WM wm=21.99 rec=18.47 kl=3.43 rew=0.082 con=0.006 | AC act=-0.002 crit=1.529 pg=-0.002 H=0.32 | img ret=0.13 val=0.13 scale=2.28 p5=-0.71 p95=1.57 | r/step=0.0054 | 2.7 ips ETA 8m45
  iter  2650/4000 [66.2%] | WM wm=20.62 rec=16.29 kl=4.19 rew=0.118 con=0.016 | AC act=-0.006 crit=1.743 pg=-0.006 H=0.32 | img ret=0.21 val=0.23 scale=2.31 p5=-0.71 p95=1.60 | r/step=0.0119 | 2.7 ips ETA 8m26
  iter  2700/4000 [67.5%] | WM wm=25.88 rec=21.37 kl=4.39 rew=0.114 con=0.009 | AC act=0.008 crit=1.819 pg=0.008 H=0.30 | img ret=0.24 val=0.17 scale=2.33 p5=-0.70 p95=1.63 | r/step=0.0016 | 2.7 ips ETA 8m06
  iter  2750/4000 [68.8%] | WM wm=18.30 rec=14.32 kl=3.86 rew=0.099 con=0.015 | AC act=0.010 crit=1.756 pg=0.010 H=0.42 | img ret=-0.12 val=-0.16 scale=2.34 p5=-0.70 p95=1.64 | r/step=0.0057 | 2.7 ips ETA 7m46
  iter  2800/4000 [70.0%] | WM wm=20.28 rec=16.20 kl=3.95 rew=0.113 con=0.015 | AC act=0.000 crit=1.657 pg=0.000 H=0.33 | img ret=0.07 val=0.08 scale=2.34 p5=-0.69 p95=1.65 | r/step=0.0102 | 2.7 ips ETA 7m26
  iter  2850/4000 [71.2%] | WM wm=23.41 rec=19.51 kl=3.82 rew=0.072 con=0.006 | AC act=-0.004 crit=1.847 pg=-0.004 H=0.29 | img ret=0.15 val=0.16 scale=2.23 p5=-0.61 p95=1.62 | r/step=0.0037 | 2.7 ips ETA 7m06
  [health] WARN H_collapse: H=0.29
  iter  2900/4000 [72.5%] | WM wm=21.15 rec=16.45 kl=4.63 rew=0.062 con=0.010 | AC act=-0.003 crit=1.651 pg=-0.003 H=0.38 | img ret=0.08 val=0.11 scale=2.17 p5=-0.58 p95=1.58 | r/step=0.0030 | 2.7 ips ETA 6m46
  iter  2950/4000 [73.8%] | WM wm=19.62 rec=15.47 kl=4.02 rew=0.114 con=0.016 | AC act=0.000 crit=1.469 pg=0.000 H=0.34 | img ret=-0.05 val=-0.06 scale=2.14 p5=-0.58 p95=1.55 | r/step=0.0088 | 2.7 ips ETA 6m26
  iter  3000/4000 [75.0%] | WM wm=15.04 rec=11.21 kl=3.70 rew=0.116 con=0.020 | AC act=0.001 crit=1.428 pg=0.001 H=0.37 | img ret=-0.16 val=-0.15 scale=2.13 p5=-0.58 p95=1.55 | r/step=0.0063 | 2.7 ips ETA 6m07
  >>> EVAL @ iter 3000 : score=1.10  length=178  achievements=2.00 ↓  sample=2.20  (best=2.20 @2500)
      unlocked (2/22): collect_sapling=100%  wake_up=100%
  Checkpoint saved : dreamer_crafter_jax_v20-gamma0997_iter003000.npz
  iter  3050/4000 [76.2%] | WM wm=19.15 rec=14.77 kl=4.28 rew=0.098 con=0.011 | AC act=0.009 crit=1.572 pg=0.009 H=0.63 | img ret=0.07 val=0.02 scale=2.15 p5=-0.60 p95=1.56 | r/step=0.0039 | 2.7 ips ETA 5m55
  iter  3100/4000 [77.5%] | WM wm=20.57 rec=16.17 kl=4.27 rew=0.121 con=0.016 | AC act=0.009 crit=1.604 pg=0.009 H=0.74 | img ret=0.11 val=0.08 scale=2.21 p5=-0.62 p95=1.60 | r/step=0.0055 | 2.7 ips ETA 5m35
  iter  3150/4000 [78.8%] | WM wm=23.34 rec=19.22 kl=4.00 rew=0.104 con=0.013 | AC act=-0.002 crit=1.742 pg=-0.002 H=0.91 | img ret=-0.01 val=-0.00 scale=2.28 p5=-0.63 p95=1.64 | r/step=0.0119 | 2.7 ips ETA 5m16
  iter  3200/4000 [80.0%] | WM wm=23.54 rec=19.28 kl=4.20 rew=0.056 con=0.007 | AC act=0.011 crit=1.692 pg=0.011 H=0.74 | img ret=0.09 val=0.06 scale=2.33 p5=-0.64 p95=1.69 | r/step=0.0025 | 2.7 ips ETA 4m57
  iter  3250/4000 [81.2%] | WM wm=32.91 rec=27.84 kl=4.95 rew=0.098 con=0.017 | AC act=-0.005 crit=1.559 pg=-0.005 H=0.69 | img ret=-0.04 val=-0.02 scale=2.36 p5=-0.64 p95=1.72 | r/step=-0.0004 | 2.7 ips ETA 4m37
  iter  3300/4000 [82.5%] | WM wm=28.83 rec=23.64 kl=5.10 rew=0.081 con=0.008 | AC act=0.005 crit=1.714 pg=0.005 H=0.73 | img ret=0.08 val=0.06 scale=2.40 p5=-0.64 p95=1.77 | r/step=0.0113 | 2.7 ips ETA 4m18
  iter  3350/4000 [83.8%] | WM wm=26.62 rec=21.96 kl=4.54 rew=0.104 con=0.019 | AC act=0.009 crit=1.558 pg=0.009 H=0.72 | img ret=0.12 val=0.08 scale=2.45 p5=-0.64 p95=1.81 | r/step=0.0055 | 2.7 ips ETA 3m58
  iter  3400/4000 [85.0%] | WM wm=22.62 rec=17.67 kl=4.83 rew=0.111 con=0.013 | AC act=-0.003 crit=1.596 pg=-0.003 H=0.75 | img ret=0.03 val=0.03 scale=2.49 p5=-0.64 p95=1.85 | r/step=0.0146 | 2.7 ips ETA 3m39
  iter  3450/4000 [86.2%] | WM wm=17.23 rec=12.85 kl=4.28 rew=0.086 con=0.011 | AC act=-0.003 crit=1.564 pg=-0.003 H=0.84 | img ret=0.04 val=0.04 scale=2.54 p5=-0.64 p95=1.90 | r/step=0.0121 | 2.7 ips ETA 3m21
  iter  3500/4000 [87.5%] | WM wm=33.19 rec=27.96 kl=5.13 rew=0.097 con=0.011 | AC act=-0.004 crit=1.608 pg=-0.004 H=0.81 | img ret=0.23 val=0.24 scale=2.60 p5=-0.65 p95=1.95 | r/step=0.0071 | 2.7 ips ETA 3m02
  >>> EVAL @ iter 3500 : score=1.70  length=155  achievements=2.60 ↑  sample=2.60  (best=2.60 @3500)
      unlocked (4/22): collect_sapling=100%  wake_up=80%  place_plant=50%  collect_wood=30%
  Checkpoint saved : dreamer_crafter_jax_v20-gamma0997_iter003500.npz
  iter  3550/4000 [88.8%] | WM wm=20.20 rec=16.11 kl=3.97 rew=0.099 con=0.015 | AC act=0.002 crit=1.766 pg=0.002 H=0.80 | img ret=0.14 val=0.11 scale=2.67 p5=-0.66 p95=2.01 | r/step=0.0164 | 2.7 ips ETA 2m47
  iter  3600/4000 [90.0%] | WM wm=19.23 rec=14.84 kl=4.33 rew=0.057 con=0.007 | AC act=-0.003 crit=1.482 pg=-0.003 H=0.86 | img ret=-0.12 val=-0.11 scale=2.69 p5=-0.66 p95=2.03 | r/step=0.0144 | 2.7 ips ETA 2m28
  iter  3650/4000 [91.2%] | WM wm=18.97 rec=14.72 kl=4.18 rew=0.068 con=0.009 | AC act=0.005 crit=1.594 pg=0.005 H=0.68 | img ret=0.15 val=0.10 scale=2.73 p5=-0.67 p95=2.06 | r/step=0.0069 | 2.7 ips ETA 2m09
  iter  3700/4000 [92.5%] | WM wm=30.01 rec=24.27 kl=5.59 rew=0.133 con=0.017 | AC act=-0.004 crit=1.491 pg=-0.004 H=0.75 | img ret=0.16 val=0.17 scale=2.74 p5=-0.68 p95=2.06 | r/step=0.0088 | 2.7 ips ETA 1m50
  iter  3750/4000 [93.8%] | WM wm=23.39 rec=18.51 kl=4.74 rew=0.132 con=0.010 | AC act=-0.005 crit=1.536 pg=-0.005 H=0.73 | img ret=0.03 val=0.05 scale=2.77 p5=-0.69 p95=2.08 | r/step=0.0107 | 2.7 ips ETA 1m31
  iter  3800/4000 [95.0%] | WM wm=21.52 rec=15.98 kl=5.42 rew=0.104 con=0.010 | AC act=-0.006 crit=1.757 pg=-0.006 H=0.72 | img ret=0.10 val=0.13 scale=2.78 p5=-0.68 p95=2.10 | r/step=0.0135 | 2.7 ips ETA 1m13
  iter  3850/4000 [96.2%] | WM wm=21.31 rec=16.60 kl=4.65 rew=0.062 con=0.007 | AC act=-0.003 crit=1.531 pg=-0.003 H=0.74 | img ret=-0.03 val=-0.02 scale=2.79 p5=-0.69 p95=2.10 | r/step=0.0052 | 2.7 ips ETA 54s
  iter  3900/4000 [97.5%] | WM wm=23.96 rec=19.06 kl=4.74 rew=0.147 con=0.018 | AC act=-0.011 crit=1.680 pg=-0.011 H=0.86 | img ret=0.09 val=0.11 scale=2.78 p5=-0.70 p95=2.08 | r/step=0.0167 | 2.7 ips ETA 36s
  iter  3950/4000 [98.8%] | WM wm=26.95 rec=22.04 kl=4.81 rew=0.090 con=0.013 | AC act=-0.003 crit=1.555 pg=-0.003 H=0.82 | img ret=0.36 val=0.35 scale=2.78 p5=-0.71 p95=2.07 | r/step=0.0148 | 2.7 ips ETA 18s
  iter  4000/4000 [100.0%] | WM wm=20.84 rec=15.84 kl=4.84 rew=0.145 con=0.015 | AC act=0.008 crit=1.790 pg=0.009 H=0.72 | img ret=-0.02 val=-0.05 scale=2.81 p5=-0.72 p95=2.09 | r/step=0.0207 | 2.7 ips ETA 0s
  >>> EVAL @ iter 4000 : score=1.60  length=168  achievements=2.50 ↓  sample=3.00  (best=2.60 @3500)
      unlocked (5/22): collect_sapling=90%  wake_up=90%  collect_wood=40%  place_plant=20%  collect_drink=10%
  Checkpoint saved : dreamer_crafter_jax_v20-gamma0997_iter004000.npz

Training fini en 1480.4s (24.7min)
Best EVAL achievements : 2.60 @ iter 3500  (dernier : 2.50)

Final checkpoint : checkpoints/dreamer_crafter_jax_v20-gamma0997.npz

============================================================
DONE
============================================================

