debconf: unable to initialize frontend: Dialog
debconf: (No usable dialog-like program is installed, so the dialog based frontend cannot be used. at /usr/share/perl5/Debconf/FrontEnd/Dialog.pm line 79, <STDIN> line 49.)
debconf: falling back to frontend: Readline
debconf: unable to initialize frontend: Readline
debconf: (Can't locate Term/ReadLine.pm in @INC (you may need to install the Term::ReadLine module) (@INC entries checked: /etc/perl /usr/local/lib/x86_64-linux-gnu/perl/5.40.1 /usr/local/share/perl/5.40.1 /usr/lib/x86_64-linux-gnu/perl5/5.40 /usr/share/perl5 /usr/lib/x86_64-linux-gnu/perl-base /usr/lib/x86_64-linux-gnu/perl/5.40 /usr/share/perl/5.40 /usr/local/lib/site_perl) at /usr/share/perl5/Debconf/FrontEnd/Readline.pm line 8, <STDIN> line 49.)
debconf: falling back to frontend: Teletype
Cloning into '/work'...
remote: Enumerating objects: 57, done.[K
remote: Counting objects:   8% (5/57)[K
remote: Counting objects:   8% (5/57)[K
remote: Counting objects:  19% (11/57)[K
remote: Counting objects:   8% (5/57)[K
remote: Counting objects:  19% (11/57)[K
remote: Counting objects:  29% (17/57)[K
remote: Counting objects:   8% (5/57)[K
remote: Counting objects:  19% (11/57)[K
remote: Counting objects:  29% (17/57)[K
remote: Counting objects:  40% (23/57)[K
remote: Counting objects:   8% (5/57)[K
remote: Counting objects:  19% (11/57)[K
remote: Counting objects:  29% (17/57)[K
remote: Counting objects:  40% (23/57)[K
remote: Counting objects:  50% (29/57)[K
remote: Counting objects:   8% (5/57)[K
remote: Counting objects:  19% (11/57)[K
remote: Counting objects:  29% (17/57)[K
remote: Counting objects:  40% (23/57)[K
remote: Counting objects:  50% (29/57)[K
remote: Counting objects:  61% (35/57)[K
remote: Counting objects:   8% (5/57)[K
remote: Counting objects:  19% (11/57)[K
remote: Counting objects:  29% (17/57)[K
remote: Counting objects:  40% (23/57)[K
remote: Counting objects:  50% (29/57)[K
remote: Counting objects:  61% (35/57)[K
remote: Counting objects:  71% (41/57)[K
remote: Counting objects:   8% (5/57)[K
remote: Counting objects:  19% (11/57)[K
remote: Counting objects:  29% (17/57)[K
remote: Counting objects:  40% (23/57)[K
remote: Counting objects:  50% (29/57)[K
remote: Counting objects:  61% (35/57)[K
remote: Counting objects:  71% (41/57)[K
remote: Counting objects:  82% (47/57)[K
remote: Counting objects:   8% (5/57)[K
remote: Counting objects:  19% (11/57)[K
remote: Counting objects:  29% (17/57)[K
remote: Counting objects:  40% (23/57)[K
remote: Counting objects:  50% (29/57)[K
remote: Counting objects:  61% (35/57)[K
remote: Counting objects:  71% (41/57)[K
remote: Counting objects:  82% (47/57)[K
remote: Counting objects:  92% (53/57)[K
remote: Compressing objects:  10% (5/48)[K
remote: Compressing objects:  10% (5/48)[K
remote: Compressing objects:  20% (10/48)[K
remote: Compressing objects:  10% (5/48)[K
remote: Compressing objects:  20% (10/48)[K
remote: Compressing objects:  31% (15/48)[K
remote: Compressing objects:  10% (5/48)[K
remote: Compressing objects:  20% (10/48)[K
remote: Compressing objects:  31% (15/48)[K
remote: Compressing objects:  41% (20/48)[K
remote: Compressing objects:  10% (5/48)[K
remote: Compressing objects:  20% (10/48)[K
remote: Compressing objects:  31% (15/48)[K
remote: Compressing objects:  41% (20/48)[K
remote: Compressing objects:  52% (25/48)[K
remote: Compressing objects:  10% (5/48)[K
remote: Compressing objects:  20% (10/48)[K
remote: Compressing objects:  31% (15/48)[K
remote: Compressing objects:  41% (20/48)[K
remote: Compressing objects:  52% (25/48)[K
remote: Compressing objects:  62% (30/48)[K
remote: Compressing objects:  10% (5/48)[K
remote: Compressing objects:  20% (10/48)[K
remote: Compressing objects:  31% (15/48)[K
remote: Compressing objects:  41% (20/48)[K
remote: Compressing objects:  52% (25/48)[K
remote: Compressing objects:  62% (30/48)[K
remote: Compressing objects:  72% (35/48)[K
remote: Compressing objects:  10% (5/48)[K
remote: Compressing objects:  20% (10/48)[K
remote: Compressing objects:  31% (15/48)[K
remote: Compressing objects:  41% (20/48)[K
remote: Compressing objects:  52% (25/48)[K
remote: Compressing objects:  62% (30/48)[K
remote: Compressing objects:  72% (35/48)[K
remote: Compressing objects:  83% (40/48)[K
remote: Compressing objects:  10% (5/48)[K
remote: Compressing objects:  20% (10/48)[K
remote: Compressing objects:  31% (15/48)[K
remote: Compressing objects:  41% (20/48)[K
remote: Compressing objects:  52% (25/48)[K
remote: Compressing objects:  62% (30/48)[K
remote: Compressing objects:  72% (35/48)[K
remote: Compressing objects:  83% (40/48)[K
remote: Compressing objects:  93% (45/48)[K
Receiving objects:   8% (5/57)
Receiving objects:   8% (5/57)
Receiving objects:  19% (11/57)
Receiving objects:   8% (5/57)
Receiving objects:  19% (11/57)
Receiving objects:  29% (17/57)
Receiving objects:   8% (5/57)
Receiving objects:  19% (11/57)
Receiving objects:  29% (17/57)
Receiving objects:  40% (23/57)
Receiving objects:   8% (5/57)
Receiving objects:  19% (11/57)
Receiving objects:  29% (17/57)
Receiving objects:  40% (23/57)
Receiving objects:  50% (29/57)
Receiving objects:   8% (5/57)
Receiving objects:  19% (11/57)
Receiving objects:  29% (17/57)
Receiving objects:  40% (23/57)
Receiving objects:  50% (29/57)
Receiving objects:  59% (34/57)
Receiving objects:   8% (5/57)
Receiving objects:  19% (11/57)
Receiving objects:  29% (17/57)
Receiving objects:  40% (23/57)
Receiving objects:  50% (29/57)
Receiving objects:  59% (34/57)
Receiving objects:  70% (40/57)
Receiving objects:   8% (5/57)
Receiving objects:  19% (11/57)
Receiving objects:  29% (17/57)
Receiving objects:  40% (23/57)
Receiving objects:  50% (29/57)
Receiving objects:  59% (34/57)
Receiving objects:  70% (40/57)
Receiving objects:  80% (46/57)
Receiving objects:   8% (5/57)
Receiving objects:  19% (11/57)
Receiving objects:  29% (17/57)
Receiving objects:  40% (23/57)
Receiving objects:  50% (29/57)
Receiving objects:  59% (34/57)
Receiving objects:  70% (40/57)
Receiving objects:  80% (46/57)
Receiving objects:  91% (52/57)
Receiving objects: 100% (57/57)
Receiving objects: 100% (57/57)
Receiving objects: 100% (57/57), 1.76 MiB | 56.19 MiB/s, done.
Resolving deltas:   0% (0/7)
Resolving deltas:   0% (0/7)
Resolving deltas:  28% (2/7)
Resolving deltas:   0% (0/7)
Resolving deltas:  28% (2/7)
Resolving deltas:  57% (4/7)
Resolving deltas:   0% (0/7)
Resolving deltas:  28% (2/7)
Resolving deltas:  57% (4/7)
Resolving deltas:  71% (5/7)
Resolving deltas:   0% (0/7)
Resolving deltas:  28% (2/7)
Resolving deltas:  57% (4/7)
Resolving deltas:  71% (5/7)
Resolving deltas:  85% (6/7)
Resolving deltas:   0% (0/7)
Resolving deltas:  28% (2/7)
Resolving deltas:  57% (4/7)
Resolving deltas:  71% (5/7)
Resolving deltas:  85% (6/7)
Resolving deltas: 100% (7/7)
Resolving deltas:   0% (0/7)
Resolving deltas:  28% (2/7)
Resolving deltas:  57% (4/7)
Resolving deltas:  71% (5/7)
Resolving deltas:  85% (6/7)
Resolving deltas: 100% (7/7)
Resolving deltas: 100% (7/7), done.
[33mWARNING: Running pip as the 'root' user can result in broken permissions and conflicting behaviour with the system package manager. It is recommended to use a virtual environment instead: https://pip.pypa.io/warnings/venv[0m[33m
[0m
[1m[[0m[34;49mnotice[0m[1;39;49m][0m[39;49m A new release of pip is available: [0m[31;49m24.0[0m[39;49m -> [0m[32;49m26.1.2[0m
[1m[[0m[34;49mnotice[0m[1;39;49m][0m[39;49m To update, run: [0m[32;49mpip install --upgrade pip[0m
[33mWARNING: Running pip as the 'root' user can result in broken permissions and conflicting behaviour with the system package manager. It is recommended to use a virtual environment instead: https://pip.pypa.io/warnings/venv[0m[33m
[0m
[1m[[0m[34;49mnotice[0m[1;39;49m][0m[39;49m A new release of pip is available: [0m[31;49m24.0[0m[39;49m -> [0m[32;49m26.1.2[0m
[1m[[0m[34;49mnotice[0m[1;39;49m][0m[39;49m To update, run: [0m[32;49mpip install --upgrade pip[0m
JAX backend : gpu
Device      : [CudaDevice(id=0)]
Run         : v20b-gamma0997-8k
Config      : entropy=0.0003  train_iter=8000  n_envs=16  batch=16  seq_len=64
Optim       : lr_wm=1.0e-04  lr_ac=1.0e-04  lr_alpha=1.0e-03  grad_clip=1.0  horizon=16
Replay      : collect/iter=32  wm_train/iter=4  ac_train/iter=1  → train_ratio≈128
Flags       : adaptive_alpha=False  auto_explore=False  use_rnd=False

Adaptive α : OFF (entropy_coef fixe = 0.0003)
RND        : OFF
Auto-explore : OFF

============================================================
Architecture
============================================================
  WM modules (CNNEnc+RSSM+CNNDec+heads) : 12,386,691 params
  Actor + Critic                        : 2,872,592 params
  TOTAL                                 : 15,259,283 params (~15.26M)

Output dirs : runs=/work/runs  checkpoints=/work/checkpoints

============================================================
Phase 0 : Warmup random (5000 steps, 16 envs)
============================================================
Buffer : 4992 transitions en 18.2s
         Mémoire buffer : 6150.0 MB

============================================================
Phase 1 : Training Dreamer JAX (8000 itérations)
============================================================
[Phase 13] Safeguards : warmup=5000  adaptive_rnd=True  health_auto_stop=False  h_target_schedule=True [1.13→1.13 over 10000]
[MP] Pool multiprocessing initialisé (16 workers)
  iter    50/8000 [ 0.6%] | WM wm=190.52 rec=187.87 kl=2.48 rew=0.168 con=0.012 | AC act=0.141 crit=4.070 pg=0.142 H=2.20 | img ret=0.09 val=0.02 scale=1.00 p5=-0.02 p95=0.07 | r/step=0.0305 | 0.6 ips ETA 3h41
  iter   100/8000 [ 1.2%] | WM wm=102.71 rec=99.97 kl=2.52 rew=0.193 con=0.023 | AC act=0.009 crit=2.277 pg=0.009 H=0.08 | img ret=0.20 val=0.08 scale=1.00 p5=0.02 p95=0.14 | r/step=-0.0020 | 1.0 ips ETA 2h12
  [health] WARN H_collapse: H=0.08
  iter   150/8000 [ 1.9%] | WM wm=101.88 rec=98.78 kl=2.91 rew=0.179 con=0.014 | AC act=0.007 crit=2.172 pg=0.007 H=0.08 | img ret=0.21 val=0.11 scale=1.00 p5=0.02 p95=0.23 | r/step=0.0018 | 1.3 ips ETA 1h40
  [health] WARN H_collapse: H=0.08
  iter   200/8000 [ 2.5%] | WM wm=70.30 rec=67.15 kl=3.00 rew=0.133 con=0.017 | AC act=0.000 crit=1.687 pg=0.000 H=0.08 | img ret=0.10 val=0.10 scale=1.00 p5=-0.01 p95=0.27 | r/step=-0.0007 | 1.5 ips ETA 1h26
  [health] WARN H_collapse: H=0.08
  iter   250/8000 [ 3.1%] | WM wm=69.34 rec=66.65 kl=2.60 rew=0.082 con=0.005 | AC act=0.004 crit=1.591 pg=0.004 H=0.12 | img ret=0.12 val=0.09 scale=1.00 p5=-0.05 p95=0.28 | r/step=0.0008 | 1.7 ips ETA 1h15
  [health] WARN H_collapse: H=0.12
  iter   300/8000 [ 3.8%] | WM wm=44.78 rec=42.35 kl=2.23 rew=0.164 con=0.031 | AC act=0.001 crit=1.273 pg=0.001 H=0.09 | img ret=0.13 val=0.13 scale=1.00 p5=-0.08 p95=0.29 | r/step=-0.0017 | 1.9 ips ETA 1h09
  [health] WARN H_collapse: H=0.09
  [health] WARN FATAL: H_collapse persistent (consec=5)
  iter   350/8000 [ 4.4%] | WM wm=58.21 rec=55.41 kl=2.63 rew=0.138 con=0.018 | AC act=-0.004 crit=1.147 pg=-0.004 H=0.11 | img ret=0.05 val=0.08 scale=1.00 p5=-0.11 p95=0.28 | r/step=-0.0034 | 2.0 ips ETA 1h05
  [health] WARN H_collapse: H=0.11
  [health] WARN FATAL: H_collapse persistent (consec=6)
  iter   400/8000 [ 5.0%] | WM wm=47.82 rec=45.11 kl=2.51 rew=0.180 con=0.025 | AC act=0.004 crit=1.588 pg=0.004 H=0.08 | img ret=0.20 val=0.15 scale=1.00 p5=-0.16 p95=0.33 | r/step=-0.0053 | 2.1 ips ETA 1h01
  [health] WARN H_collapse: H=0.08
  [health] WARN FATAL: H_collapse persistent (consec=7)
  iter   450/8000 [ 5.6%] | WM wm=39.67 rec=36.64 kl=2.88 rew=0.126 con=0.025 | AC act=-0.000 crit=1.413 pg=-0.000 H=0.08 | img ret=0.13 val=0.12 scale=1.00 p5=-0.20 p95=0.37 | r/step=-0.0042 | 2.2 ips ETA 58m30
  [health] WARN H_collapse: H=0.08
  [health] WARN FATAL: H_collapse persistent (consec=8)
  iter   500/8000 [ 6.2%] | WM wm=38.47 rec=35.20 kl=3.19 rew=0.074 con=0.009 | AC act=0.000 crit=1.404 pg=0.000 H=0.08 | img ret=0.09 val=0.09 scale=1.00 p5=-0.24 p95=0.37 | r/step=-0.0065 | 2.2 ips ETA 56m16
  [health] WARN H_collapse: H=0.08
  [health] WARN FATAL: H_collapse persistent (consec=9)
  >>> EVAL @ iter 500 : score=-0.90  length=156  achievements=0.00 =  sample=0.20  (best=0.00 @0)
      unlocked (0/22): — aucun achievement débloqué
  Checkpoint saved : dreamer_crafter_jax_v20b-gamma0997-8k_iter000500.npz
  iter   550/8000 [ 6.9%] | WM wm=39.21 rec=36.20 kl=2.88 rew=0.125 con=0.016 | AC act=-0.002 crit=1.434 pg=-0.002 H=0.08 | img ret=0.02 val=0.05 scale=1.00 p5=-0.28 p95=0.36 | r/step=-0.0046 | 2.1 ips ETA 58m47
  [health] WARN H_collapse: H=0.08
  [health] WARN FATAL: H_collapse persistent (consec=10)
  iter   600/8000 [ 7.5%] | WM wm=42.31 rec=39.42 kl=2.79 rew=0.089 con=0.013 | AC act=-0.001 crit=1.348 pg=-0.001 H=0.08 | img ret=-0.07 val=-0.05 scale=1.00 p5=-0.32 p95=0.34 | r/step=-0.0074 | 2.2 ips ETA 57m13
  [health] WARN H_collapse: H=0.08
  [health] WARN FATAL: H_collapse persistent (consec=11)
  iter   650/8000 [ 8.1%] | WM wm=38.81 rec=35.85 kl=2.84 rew=0.110 con=0.013 | AC act=-0.001 crit=1.345 pg=-0.001 H=0.08 | img ret=0.03 val=0.06 scale=1.00 p5=-0.36 p95=0.33 | r/step=-0.0058 | 2.2 ips ETA 55m29
  [health] WARN H_collapse: H=0.08
  [health] WARN FATAL: H_collapse persistent (consec=12)
  iter   700/8000 [ 8.8%] | WM wm=27.70 rec=24.72 kl=2.83 rew=0.124 con=0.026 | AC act=-0.003 crit=1.381 pg=-0.003 H=0.09 | img ret=-0.03 val=0.01 scale=1.00 p5=-0.39 p95=0.31 | r/step=-0.0061 | 2.3 ips ETA 53m48
  [health] WARN H_collapse: H=0.09
  [health] WARN FATAL: H_collapse persistent (consec=13)
  iter   750/8000 [ 9.4%] | WM wm=38.24 rec=34.31 kl=3.76 rew=0.151 con=0.020 | AC act=-0.004 crit=1.365 pg=-0.004 H=0.15 | img ret=-0.10 val=-0.07 scale=1.00 p5=-0.43 p95=0.28 | r/step=-0.0050 | 2.3 ips ETA 52m13
  [health] WARN H_collapse: H=0.15
  [health] WARN FATAL: H_collapse persistent (consec=14)
  iter   800/8000 [10.0%] | WM wm=29.79 rec=26.24 kl=3.36 rew=0.169 con=0.019 | AC act=0.001 crit=1.725 pg=0.001 H=0.08 | img ret=-0.05 val=-0.08 scale=1.00 p5=-0.46 p95=0.42 | r/step=0.0157 | 2.4 ips ETA 50m44
  [health] WARN H_collapse: H=0.08
  [health] WARN FATAL: H_collapse persistent (consec=15)
  iter   850/8000 [10.6%] | WM wm=23.93 rec=20.95 kl=2.84 rew=0.130 con=0.010 | AC act=0.000 crit=1.650 pg=0.000 H=0.09 | img ret=0.14 val=0.11 scale=1.00 p5=-0.48 p95=0.50 | r/step=0.0034 | 2.4 ips ETA 49m28
  [health] WARN H_collapse: H=0.09
  [health] WARN FATAL: H_collapse persistent (consec=16)
  iter   900/8000 [11.2%] | WM wm=24.45 rec=21.27 kl=3.04 rew=0.123 con=0.013 | AC act=-0.000 crit=1.521 pg=-0.000 H=0.08 | img ret=-0.01 val=-0.00 scale=1.04 p5=-0.49 p95=0.55 | r/step=0.0032 | 2.4 ips ETA 48m24
  [health] WARN H_collapse: H=0.08
  [health] WARN FATAL: H_collapse persistent (consec=17)
  iter   950/8000 [11.9%] | WM wm=31.59 rec=28.05 kl=3.34 rew=0.166 con=0.034 | AC act=0.010 crit=2.303 pg=0.011 H=0.15 | img ret=0.31 val=0.21 scale=1.08 p5=-0.51 p95=0.58 | r/step=0.0042 | 2.5 ips ETA 47m10
  [health] WARN H_collapse: H=0.15
  [health] WARN FATAL: H_collapse persistent (consec=18)
  iter  1000/8000 [12.5%] | WM wm=28.64 rec=24.71 kl=3.78 rew=0.126 con=0.020 | AC act=0.002 crit=1.597 pg=0.002 H=0.10 | img ret=0.25 val=0.22 scale=1.15 p5=-0.52 p95=0.63 | r/step=-0.0055 | 2.5 ips ETA 46m22
  [health] WARN H_collapse: H=0.10
  [health] WARN FATAL: H_collapse persistent (consec=19)
  >>> EVAL @ iter 1000 : score=-0.60  length=144  achievements=0.30 ↑  sample=0.80  (best=0.30 @1000)
      unlocked (2/22): collect_drink=20%  collect_wood=10%
  Checkpoint saved : dreamer_crafter_jax_v20b-gamma0997-8k_iter001000.npz
  iter  1050/8000 [13.1%] | WM wm=32.23 rec=28.54 kl=3.53 rew=0.136 con=0.023 | AC act=0.043 crit=2.050 pg=0.043 H=0.60 | img ret=0.55 val=0.45 scale=1.43 p5=-0.51 p95=0.94 | r/step=0.0130 | 2.4 ips ETA 48m02
  iter  1100/8000 [13.8%] | WM wm=29.86 rec=26.46 kl=3.29 rew=0.098 con=0.003 | AC act=0.010 crit=2.090 pg=0.010 H=0.51 | img ret=0.42 val=0.39 scale=1.74 p5=-0.49 p95=1.26 | r/step=-0.0051 | 2.4 ips ETA 46m58
  iter  1150/8000 [14.4%] | WM wm=27.47 rec=23.86 kl=3.46 rew=0.128 con=0.022 | AC act=0.019 crit=2.034 pg=0.019 H=0.48 | img ret=0.53 val=0.47 scale=2.06 p5=-0.49 p95=1.59 | r/step=0.0047 | 2.5 ips ETA 46m08
  iter  1200/8000 [15.0%] | WM wm=28.61 rec=25.33 kl=3.19 rew=0.085 con=0.014 | AC act=0.004 crit=1.868 pg=0.004 H=0.57 | img ret=0.39 val=0.35 scale=2.26 p5=-0.50 p95=1.76 | r/step=-0.0010 | 2.5 ips ETA 45m26
  iter  1250/8000 [15.6%] | WM wm=31.70 rec=27.32 kl=4.24 rew=0.122 con=0.013 | AC act=-0.005 crit=1.787 pg=-0.005 H=0.71 | img ret=0.30 val=0.29 scale=2.36 p5=-0.50 p95=1.86 | r/step=0.0110 | 2.5 ips ETA 44m29
  iter  1300/8000 [16.2%] | WM wm=31.74 rec=28.04 kl=3.58 rew=0.103 con=0.014 | AC act=0.005 crit=2.168 pg=0.005 H=0.34 | img ret=0.64 val=0.56 scale=2.46 p5=-0.49 p95=1.97 | r/step=0.0142 | 2.5 ips ETA 43m53
  iter  1350/8000 [16.9%] | WM wm=36.60 rec=32.37 kl=4.14 rew=0.084 con=0.010 | AC act=0.007 crit=1.900 pg=0.007 H=0.55 | img ret=0.32 val=0.28 scale=2.47 p5=-0.47 p95=2.00 | r/step=0.0169 | 2.6 ips ETA 42m56
  iter  1400/8000 [17.5%] | WM wm=29.58 rec=25.29 kl=4.15 rew=0.117 con=0.021 | AC act=-0.000 crit=1.621 pg=-0.000 H=0.46 | img ret=0.54 val=0.53 scale=2.50 p5=-0.43 p95=2.07 | r/step=0.0094 | 2.6 ips ETA 42m26
  iter  1450/8000 [18.1%] | WM wm=25.40 rec=21.35 kl=3.98 rew=0.060 con=0.006 | AC act=-0.000 crit=1.955 pg=0.000 H=0.53 | img ret=0.49 val=0.49 scale=2.53 p5=-0.40 p95=2.14 | r/step=0.0157 | 2.6 ips ETA 41m42
  iter  1500/8000 [18.8%] | WM wm=43.84 rec=38.81 kl=4.88 rew=0.128 con=0.018 | AC act=0.013 crit=2.059 pg=0.014 H=0.71 | img ret=0.67 val=0.62 scale=2.60 p5=-0.38 p95=2.22 | r/step=0.0147 | 2.6 ips ETA 41m03
  >>> EVAL @ iter 1500 : score=1.90  length=152  achievements=2.80 ↑  sample=2.40  (best=2.80 @1500)
      unlocked (6/22): collect_sapling=100%  wake_up=100%  collect_drink=30%  collect_wood=20%  eat_cow=20%  defeat_zombie=10%
  Checkpoint saved : dreamer_crafter_jax_v20b-gamma0997-8k_iter001500.npz
  iter  1550/8000 [19.4%] | WM wm=38.10 rec=32.74 kl=5.15 rew=0.182 con=0.026 | AC act=0.004 crit=2.069 pg=0.004 H=0.75 | img ret=0.93 val=0.92 scale=2.64 p5=-0.36 p95=2.28 | r/step=0.0117 | 2.6 ips ETA 41m55
  iter  1600/8000 [20.0%] | WM wm=29.22 rec=24.93 kl=4.15 rew=0.127 con=0.013 | AC act=0.006 crit=1.878 pg=0.007 H=0.69 | img ret=0.65 val=0.60 scale=2.67 p5=-0.35 p95=2.32 | r/step=0.0058 | 2.6 ips ETA 41m12
  iter  1650/8000 [20.6%] | WM wm=33.49 rec=28.72 kl=4.56 rew=0.186 con=0.023 | AC act=0.019 crit=2.187 pg=0.019 H=0.62 | img ret=1.09 val=1.00 scale=2.68 p5=-0.34 p95=2.34 | r/step=0.0065 | 2.6 ips ETA 40m33
  iter  1700/8000 [21.2%] | WM wm=34.86 rec=29.38 kl=5.31 rew=0.158 con=0.014 | AC act=0.011 crit=2.020 pg=0.011 H=0.64 | img ret=1.12 val=1.03 scale=2.71 p5=-0.34 p95=2.37 | r/step=0.0104 | 2.6 ips ETA 40m08
  iter  1750/8000 [21.9%] | WM wm=32.30 rec=27.27 kl=4.88 rew=0.130 con=0.011 | AC act=-0.003 crit=1.976 pg=-0.003 H=0.62 | img ret=0.75 val=0.76 scale=2.73 p5=-0.34 p95=2.39 | r/step=0.0080 | 2.6 ips ETA 39m25
  iter  1800/8000 [22.5%] | WM wm=32.08 rec=27.68 kl=4.30 rew=0.097 con=0.009 | AC act=0.016 crit=2.034 pg=0.016 H=0.75 | img ret=0.81 val=0.76 scale=2.74 p5=-0.35 p95=2.39 | r/step=0.0230 | 2.7 ips ETA 38m50
  iter  1850/8000 [23.1%] | WM wm=25.88 rec=21.41 kl=4.36 rew=0.094 con=0.009 | AC act=0.027 crit=2.263 pg=0.027 H=0.66 | img ret=0.94 val=0.82 scale=2.74 p5=-0.34 p95=2.40 | r/step=0.0188 | 2.7 ips ETA 38m25
  iter  1900/8000 [23.8%] | WM wm=34.89 rec=29.36 kl=5.40 rew=0.115 con=0.007 | AC act=0.001 crit=1.922 pg=0.001 H=0.66 | img ret=0.77 val=0.76 scale=2.76 p5=-0.34 p95=2.42 | r/step=0.0125 | 2.7 ips ETA 37m50
  iter  1950/8000 [24.4%] | WM wm=31.79 rec=26.14 kl=5.50 rew=0.125 con=0.021 | AC act=-0.004 crit=1.575 pg=-0.004 H=0.47 | img ret=1.13 val=1.14 scale=2.77 p5=-0.34 p95=2.43 | r/step=0.0168 | 2.7 ips ETA 37m22
  iter  2000/8000 [25.0%] | WM wm=28.66 rec=24.05 kl=4.46 rew=0.144 con=0.011 | AC act=-0.002 crit=1.600 pg=-0.002 H=0.54 | img ret=0.96 val=0.97 scale=2.81 p5=-0.35 p95=2.46 | r/step=0.0184 | 2.7 ips ETA 36m47
  >>> EVAL @ iter 2000 : score=3.00  length=172  achievements=3.90 ↑  sample=3.40  (best=3.90 @2000)
      unlocked (6/22): collect_sapling=100%  place_plant=100%  wake_up=100%  defeat_zombie=50%  collect_wood=20%  eat_cow=20%
  Checkpoint saved : dreamer_crafter_jax_v20b-gamma0997-8k_iter002000.npz
  iter  2050/8000 [25.6%] | WM wm=27.54 rec=22.24 kl=5.12 rew=0.161 con=0.019 | AC act=-0.004 crit=1.496 pg=-0.004 H=0.61 | img ret=1.01 val=1.02 scale=2.85 p5=-0.36 p95=2.49 | r/step=0.0200 | 2.6 ips ETA 37m27
  iter  2100/8000 [26.2%] | WM wm=31.35 rec=25.79 kl=5.41 rew=0.127 con=0.018 | AC act=-0.009 crit=1.613 pg=-0.009 H=0.55 | img ret=0.95 val=0.99 scale=2.88 p5=-0.36 p95=2.52 | r/step=0.0128 | 2.7 ips ETA 36m51
  iter  2150/8000 [26.9%] | WM wm=25.55 rec=20.45 kl=4.96 rew=0.123 con=0.018 | AC act=-0.008 crit=1.791 pg=-0.007 H=0.60 | img ret=0.78 val=0.81 scale=2.90 p5=-0.36 p95=2.54 | r/step=0.0173 | 2.7 ips ETA 36m26
  iter  2200/8000 [27.5%] | WM wm=32.72 rec=27.17 kl=5.40 rew=0.137 con=0.009 | AC act=0.002 crit=1.800 pg=0.002 H=0.55 | img ret=1.00 val=0.95 scale=2.89 p5=-0.36 p95=2.53 | r/step=0.0116 | 2.7 ips ETA 35m52
  iter  2250/8000 [28.1%] | WM wm=31.91 rec=25.89 kl=5.83 rew=0.178 con=0.017 | AC act=0.007 crit=1.879 pg=0.007 H=0.53 | img ret=1.19 val=1.13 scale=2.92 p5=-0.37 p95=2.55 | r/step=0.0202 | 2.7 ips ETA 35m28
  iter  2300/8000 [28.8%] | WM wm=32.97 rec=27.19 kl=5.60 rew=0.160 con=0.019 | AC act=-0.014 crit=1.701 pg=-0.014 H=0.68 | img ret=0.87 val=0.92 scale=2.92 p5=-0.37 p95=2.55 | r/step=0.0106 | 2.7 ips ETA 34m56
  iter  2350/8000 [29.4%] | WM wm=27.37 rec=22.47 kl=4.80 rew=0.097 con=0.010 | AC act=-0.004 crit=1.925 pg=-0.003 H=0.65 | img ret=0.72 val=0.72 scale=2.91 p5=-0.37 p95=2.54 | r/step=0.0194 | 2.7 ips ETA 34m31
  iter  2400/8000 [30.0%] | WM wm=21.18 rec=16.14 kl=4.92 rew=0.114 con=0.008 | AC act=-0.015 crit=1.849 pg=-0.015 H=0.58 | img ret=0.56 val=0.64 scale=2.93 p5=-0.38 p95=2.55 | r/step=0.0142 | 2.7 ips ETA 34m04
  iter  2450/8000 [30.6%] | WM wm=29.90 rec=24.73 kl=5.00 rew=0.149 con=0.019 | AC act=-0.005 crit=1.669 pg=-0.004 H=0.66 | img ret=0.76 val=0.78 scale=2.90 p5=-0.37 p95=2.53 | r/step=0.0183 | 2.8 ips ETA 33m37
  iter  2500/8000 [31.2%] | WM wm=27.71 rec=21.78 kl=5.81 rew=0.111 con=0.008 | AC act=-0.009 crit=1.790 pg=-0.009 H=0.56 | img ret=0.71 val=0.75 scale=2.91 p5=-0.38 p95=2.53 | r/step=0.0131 | 2.8 ips ETA 33m16
  >>> EVAL @ iter 2500 : score=2.90  length=184  achievements=3.80 ↓  sample=3.80  (best=3.90 @2000)
      unlocked (6/22): collect_sapling=100%  wake_up=100%  place_plant=80%  collect_drink=50%  collect_wood=40%  defeat_zombie=10%
  Checkpoint saved : dreamer_crafter_jax_v20b-gamma0997-8k_iter002500.npz
  iter  2550/8000 [31.9%] | WM wm=22.59 rec=16.90 kl=5.51 rew=0.169 con=0.012 | AC act=0.001 crit=1.741 pg=0.001 H=0.59 | img ret=0.79 val=0.77 scale=2.88 p5=-0.37 p95=2.51 | r/step=0.0111 | 2.7 ips ETA 33m41
  iter  2600/8000 [32.5%] | WM wm=28.60 rec=22.76 kl=5.78 rew=0.058 con=0.004 | AC act=-0.003 crit=1.642 pg=-0.003 H=0.74 | img ret=0.59 val=0.61 scale=2.86 p5=-0.38 p95=2.47 | r/step=0.0135 | 2.7 ips ETA 33m13
  iter  2650/8000 [33.1%] | WM wm=27.15 rec=21.09 kl=5.87 rew=0.162 con=0.018 | AC act=0.000 crit=1.726 pg=0.001 H=0.70 | img ret=0.81 val=0.81 scale=2.83 p5=-0.38 p95=2.45 | r/step=0.0114 | 2.7 ips ETA 32m46
  iter  2700/8000 [33.8%] | WM wm=25.18 rec=20.16 kl=4.91 rew=0.099 con=0.012 | AC act=-0.008 crit=1.830 pg=-0.008 H=0.62 | img ret=0.53 val=0.55 scale=2.81 p5=-0.40 p95=2.42 | r/step=0.0172 | 2.7 ips ETA 32m19
  iter  2750/8000 [34.4%] | WM wm=24.15 rec=18.97 kl=5.08 rew=0.096 con=0.008 | AC act=-0.000 crit=1.920 pg=-0.000 H=0.52 | img ret=0.29 val=0.28 scale=2.77 p5=-0.40 p95=2.37 | r/step=0.0220 | 2.7 ips ETA 31m56
  iter  2800/8000 [35.0%] | WM wm=27.93 rec=22.13 kl=5.67 rew=0.124 con=0.008 | AC act=-0.001 crit=1.838 pg=-0.001 H=0.52 | img ret=0.68 val=0.67 scale=2.75 p5=-0.40 p95=2.35 | r/step=0.0111 | 2.8 ips ETA 31m30
  iter  2850/8000 [35.6%] | WM wm=29.68 rec=22.96 kl=6.52 rew=0.179 con=0.016 | AC act=-0.001 crit=1.854 pg=-0.001 H=0.60 | img ret=0.48 val=0.47 scale=2.75 p5=-0.41 p95=2.33 | r/step=0.0145 | 2.8 ips ETA 31m07
  iter  2900/8000 [36.2%] | WM wm=26.79 rec=20.51 kl=6.11 rew=0.155 con=0.014 | AC act=-0.001 crit=1.705 pg=-0.000 H=0.59 | img ret=0.92 val=0.91 scale=2.72 p5=-0.42 p95=2.30 | r/step=0.0128 | 2.8 ips ETA 30m44
  iter  2950/8000 [36.9%] | WM wm=34.24 rec=27.78 kl=6.29 rew=0.153 con=0.013 | AC act=-0.004 crit=1.739 pg=-0.004 H=0.64 | img ret=0.66 val=0.67 scale=2.72 p5=-0.42 p95=2.31 | r/step=0.0124 | 2.8 ips ETA 30m21
  iter  3000/8000 [37.5%] | WM wm=24.24 rec=19.14 kl=4.95 rew=0.135 con=0.012 | AC act=-0.000 crit=1.719 pg=-0.000 H=0.61 | img ret=0.51 val=0.50 scale=2.73 p5=-0.42 p95=2.30 | r/step=0.0111 | 2.8 ips ETA 29m57
  >>> EVAL @ iter 3000 : score=2.10  length=171  achievements=3.00 ↓  sample=2.80  (best=3.90 @2000)
      unlocked (4/22): collect_sapling=100%  wake_up=100%  place_plant=80%  collect_drink=20%
  Checkpoint saved : dreamer_crafter_jax_v20b-gamma0997-8k_iter003000.npz
  iter  3050/8000 [38.1%] | WM wm=30.24 rec=23.89 kl=6.21 rew=0.121 con=0.016 | AC act=0.004 crit=1.794 pg=0.005 H=0.70 | img ret=0.70 val=0.67 scale=2.72 p5=-0.43 p95=2.29 | r/step=0.0172 | 2.7 ips ETA 30m12
  iter  3100/8000 [38.8%] | WM wm=31.08 rec=24.93 kl=6.02 rew=0.117 con=0.013 | AC act=-0.005 crit=1.719 pg=-0.004 H=0.77 | img ret=0.67 val=0.68 scale=2.69 p5=-0.43 p95=2.26 | r/step=0.0140 | 2.7 ips ETA 29m48
  iter  3150/8000 [39.4%] | WM wm=35.56 rec=28.29 kl=7.11 rew=0.148 con=0.012 | AC act=-0.006 crit=1.640 pg=-0.006 H=0.69 | img ret=0.74 val=0.75 scale=2.73 p5=-0.46 p95=2.27 | r/step=0.0125 | 2.8 ips ETA 29m23
  iter  3200/8000 [40.0%] | WM wm=23.25 rec=17.95 kl=5.17 rew=0.112 con=0.014 | AC act=-0.003 crit=2.091 pg=-0.003 H=0.66 | img ret=0.54 val=0.52 scale=2.72 p5=-0.46 p95=2.26 | r/step=0.0148 | 2.8 ips ETA 29m00
  iter  3250/8000 [40.6%] | WM wm=30.30 rec=23.53 kl=6.62 rew=0.145 con=0.006 | AC act=-0.002 crit=1.725 pg=-0.002 H=0.67 | img ret=0.90 val=0.90 scale=2.71 p5=-0.46 p95=2.25 | r/step=0.0164 | 2.8 ips ETA 28m37
  iter  3300/8000 [41.2%] | WM wm=27.19 rec=21.03 kl=5.99 rew=0.161 con=0.010 | AC act=0.005 crit=1.962 pg=0.005 H=0.66 | img ret=0.84 val=0.81 scale=2.71 p5=-0.46 p95=2.25 | r/step=0.0084 | 2.8 ips ETA 28m17
  iter  3350/8000 [41.9%] | WM wm=22.28 rec=16.24 kl=5.93 rew=0.102 con=0.010 | AC act=-0.002 crit=1.719 pg=-0.002 H=0.76 | img ret=0.64 val=0.65 scale=2.72 p5=-0.47 p95=2.26 | r/step=0.0129 | 2.8 ips ETA 27m53
  iter  3400/8000 [42.5%] | WM wm=26.96 rec=20.11 kl=6.71 rew=0.133 con=0.005 | AC act=-0.006 crit=1.757 pg=-0.006 H=0.65 | img ret=0.53 val=0.54 scale=2.75 p5=-0.49 p95=2.27 | r/step=0.0111 | 2.8 ips ETA 27m33
  iter  3450/8000 [43.1%] | WM wm=26.21 rec=19.73 kl=6.32 rew=0.144 con=0.011 | AC act=-0.007 crit=1.626 pg=-0.007 H=0.70 | img ret=0.82 val=0.82 scale=2.77 p5=-0.50 p95=2.27 | r/step=0.0064 | 2.8 ips ETA 27m10
  iter  3500/8000 [43.8%] | WM wm=27.07 rec=20.53 kl=6.35 rew=0.168 con=0.019 | AC act=0.002 crit=1.630 pg=0.002 H=0.72 | img ret=0.96 val=0.95 scale=2.78 p5=-0.50 p95=2.28 | r/step=0.0117 | 2.8 ips ETA 26m47
  >>> EVAL @ iter 3500 : score=1.90  length=183  achievements=2.80 ↓  sample=3.60  (best=3.90 @2000)
      unlocked (4/22): collect_sapling=100%  wake_up=100%  place_plant=70%  collect_wood=10%
  Checkpoint saved : dreamer_crafter_jax_v20b-gamma0997-8k_iter003500.npz
  iter  3550/8000 [44.4%] | WM wm=28.99 rec=22.38 kl=6.45 rew=0.137 con=0.019 | AC act=-0.003 crit=1.731 pg=-0.003 H=0.70 | img ret=0.83 val=0.83 scale=2.79 p5=-0.51 p95=2.28 | r/step=0.0127 | 2.8 ips ETA 26m56
  iter  3600/8000 [45.0%] | WM wm=25.83 rec=19.77 kl=5.94 rew=0.112 con=0.006 | AC act=-0.010 crit=1.825 pg=-0.009 H=0.72 | img ret=0.68 val=0.68 scale=2.80 p5=-0.51 p95=2.30 | r/step=0.0162 | 2.8 ips ETA 26m33
  iter  3650/8000 [45.6%] | WM wm=27.49 rec=20.92 kl=6.39 rew=0.161 con=0.015 | AC act=-0.002 crit=2.065 pg=-0.002 H=0.64 | img ret=0.53 val=0.53 scale=2.80 p5=-0.51 p95=2.29 | r/step=0.0073 | 2.8 ips ETA 26m11
  iter  3700/8000 [46.2%] | WM wm=29.35 rec=22.59 kl=6.63 rew=0.128 con=0.006 | AC act=-0.011 crit=1.662 pg=-0.010 H=0.79 | img ret=0.66 val=0.70 scale=2.79 p5=-0.52 p95=2.28 | r/step=0.0116 | 2.8 ips ETA 25m51
  iter  3750/8000 [46.9%] | WM wm=24.49 rec=17.95 kl=6.40 rew=0.134 con=0.009 | AC act=-0.004 crit=1.708 pg=-0.004 H=0.70 | img ret=0.58 val=0.58 scale=2.77 p5=-0.50 p95=2.26 | r/step=0.0122 | 2.8 ips ETA 25m28
  iter  3800/8000 [47.5%] | WM wm=27.09 rec=20.33 kl=6.64 rew=0.111 con=0.008 | AC act=-0.001 crit=1.711 pg=-0.001 H=0.78 | img ret=0.64 val=0.65 scale=2.73 p5=-0.49 p95=2.23 | r/step=0.0107 | 2.8 ips ETA 25m08
  iter  3850/8000 [48.1%] | WM wm=27.51 rec=20.48 kl=6.92 rew=0.092 con=0.011 | AC act=-0.009 crit=1.831 pg=-0.009 H=0.68 | img ret=0.55 val=0.59 scale=2.71 p5=-0.48 p95=2.23 | r/step=0.0121 | 2.8 ips ETA 24m45
  iter  3900/8000 [48.8%] | WM wm=27.39 rec=21.46 kl=5.84 rew=0.082 con=0.005 | AC act=-0.004 crit=1.630 pg=-0.004 H=0.67 | img ret=0.57 val=0.58 scale=2.71 p5=-0.49 p95=2.22 | r/step=0.0058 | 2.8 ips ETA 24m25
  iter  3950/8000 [49.4%] | WM wm=27.95 rec=21.07 kl=6.75 rew=0.133 con=0.005 | AC act=-0.011 crit=1.613 pg=-0.010 H=0.70 | img ret=0.47 val=0.51 scale=2.71 p5=-0.50 p95=2.21 | r/step=0.0096 | 2.8 ips ETA 24m04
  iter  4000/8000 [50.0%] | WM wm=27.02 rec=19.92 kl=6.97 rew=0.118 con=0.008 | AC act=-0.010 crit=1.740 pg=-0.010 H=0.72 | img ret=0.39 val=0.42 scale=2.68 p5=-0.49 p95=2.19 | r/step=0.0047 | 2.8 ips ETA 23m41
  >>> EVAL @ iter 4000 : score=1.80  length=149  achievements=2.70 ↓  sample=2.80  (best=3.90 @2000)
      unlocked (4/22): collect_sapling=100%  wake_up=80%  place_plant=60%  collect_wood=30%
  Checkpoint saved : dreamer_crafter_jax_v20b-gamma0997-8k_iter004000.npz
  iter  4050/8000 [50.6%] | WM wm=24.72 rec=18.12 kl=6.44 rew=0.137 con=0.019 | AC act=-0.003 crit=1.680 pg=-0.003 H=0.74 | img ret=0.63 val=0.64 scale=2.66 p5=-0.49 p95=2.17 | r/step=0.0156 | 2.8 ips ETA 23m44
  iter  4100/8000 [51.2%] | WM wm=31.61 rec=23.83 kl=7.61 rew=0.157 con=0.011 | AC act=-0.006 crit=1.545 pg=-0.006 H=0.73 | img ret=0.60 val=0.62 scale=2.64 p5=-0.48 p95=2.15 | r/step=0.0098 | 2.8 ips ETA 23m22
  iter  4150/8000 [51.9%] | WM wm=31.76 rec=24.40 kl=7.18 rew=0.169 con=0.016 | AC act=-0.013 crit=1.795 pg=-0.012 H=0.62 | img ret=0.51 val=0.57 scale=2.63 p5=-0.48 p95=2.14 | r/step=0.0105 | 2.8 ips ETA 23m01
  iter  4200/8000 [52.5%] | WM wm=35.13 rec=27.08 kl=7.87 rew=0.166 con=0.010 | AC act=-0.006 crit=1.785 pg=-0.006 H=0.69 | img ret=0.58 val=0.57 scale=2.59 p5=-0.48 p95=2.11 | r/step=0.0081 | 2.8 ips ETA 22m42
  iter  4250/8000 [53.1%] | WM wm=29.68 rec=22.53 kl=7.01 rew=0.138 con=0.010 | AC act=-0.006 crit=1.698 pg=-0.006 H=0.74 | img ret=0.46 val=0.47 scale=2.56 p5=-0.47 p95=2.09 | r/step=0.0145 | 2.8 ips ETA 22m18
  iter  4300/8000 [53.8%] | WM wm=26.72 rec=19.58 kl=6.97 rew=0.154 con=0.019 | AC act=-0.008 crit=1.638 pg=-0.008 H=0.60 | img ret=0.52 val=0.56 scale=2.53 p5=-0.47 p95=2.06 | r/step=0.0141 | 2.8 ips ETA 22m01
  iter  4350/8000 [54.4%] | WM wm=24.37 rec=17.27 kl=6.97 rew=0.127 con=0.006 | AC act=-0.003 crit=1.543 pg=-0.003 H=0.73 | img ret=0.65 val=0.66 scale=2.51 p5=-0.47 p95=2.05 | r/step=0.0060 | 2.8 ips ETA 21m38
  iter  4400/8000 [55.0%] | WM wm=28.14 rec=20.81 kl=7.24 rew=0.085 con=0.008 | AC act=0.001 crit=1.663 pg=0.001 H=0.79 | img ret=0.34 val=0.33 scale=2.49 p5=-0.47 p95=2.02 | r/step=0.0071 | 2.8 ips ETA 21m19
  iter  4450/8000 [55.6%] | WM wm=23.00 rec=16.01 kl=6.84 rew=0.138 con=0.007 | AC act=-0.004 crit=1.727 pg=-0.004 H=0.67 | img ret=0.24 val=0.25 scale=2.48 p5=-0.48 p95=2.01 | r/step=0.0076 | 2.8 ips ETA 20m57
  iter  4500/8000 [56.2%] | WM wm=32.07 rec=25.32 kl=6.62 rew=0.113 con=0.011 | AC act=-0.003 crit=1.518 pg=-0.003 H=0.83 | img ret=0.47 val=0.49 scale=2.48 p5=-0.49 p95=1.99 | r/step=0.0093 | 2.8 ips ETA 20m37
  >>> EVAL @ iter 4500 : score=2.10  length=142  achievements=3.00 ↑  sample=3.00  (best=3.90 @2000)
      unlocked (5/22): collect_sapling=100%  wake_up=90%  collect_wood=50%  place_plant=50%  eat_cow=10%
  Checkpoint saved : dreamer_crafter_jax_v20b-gamma0997-8k_iter004500.npz
  iter  4550/8000 [56.9%] | WM wm=22.36 rec=16.44 kl=5.79 rew=0.122 con=0.012 | AC act=-0.008 crit=1.626 pg=-0.008 H=0.79 | img ret=0.46 val=0.48 scale=2.47 p5=-0.49 p95=1.98 | r/step=0.0172 | 2.8 ips ETA 20m35
  iter  4600/8000 [57.5%] | WM wm=23.81 rec=16.48 kl=7.14 rew=0.173 con=0.016 | AC act=0.006 crit=1.743 pg=0.006 H=0.76 | img ret=0.56 val=0.53 scale=2.45 p5=-0.49 p95=1.96 | r/step=0.0092 | 2.8 ips ETA 20m14
  iter  4650/8000 [58.1%] | WM wm=30.24 rec=23.19 kl=6.92 rew=0.131 con=0.011 | AC act=0.028 crit=2.133 pg=0.028 H=0.79 | img ret=0.65 val=0.52 scale=2.44 p5=-0.50 p95=1.94 | r/step=0.0150 | 2.8 ips ETA 19m56
  iter  4700/8000 [58.8%] | WM wm=32.07 rec=24.38 kl=7.56 rew=0.121 con=0.010 | AC act=-0.007 crit=1.656 pg=-0.007 H=0.78 | img ret=0.50 val=0.51 scale=2.42 p5=-0.49 p95=1.94 | r/step=0.0142 | 2.8 ips ETA 19m34
  iter  4750/8000 [59.4%] | WM wm=32.09 rec=24.55 kl=7.41 rew=0.118 con=0.007 | AC act=-0.006 crit=1.692 pg=-0.006 H=0.70 | img ret=0.33 val=0.34 scale=2.43 p5=-0.50 p95=1.94 | r/step=0.0131 | 2.8 ips ETA 19m16
  iter  4800/8000 [60.0%] | WM wm=33.43 rec=25.23 kl=8.07 rew=0.119 con=0.010 | AC act=0.003 crit=1.725 pg=0.003 H=0.76 | img ret=0.45 val=0.43 scale=2.42 p5=-0.50 p95=1.92 | r/step=0.0051 | 2.8 ips ETA 18m56
  iter  4850/8000 [60.6%] | WM wm=23.77 rec=17.49 kl=6.12 rew=0.156 con=0.003 | AC act=-0.003 crit=1.740 pg=-0.003 H=0.72 | img ret=0.43 val=0.44 scale=2.43 p5=-0.50 p95=1.94 | r/step=0.0044 | 2.8 ips ETA 18m37
  iter  4900/8000 [61.2%] | WM wm=33.11 rec=25.38 kl=7.64 rew=0.082 con=0.010 | AC act=0.013 crit=1.963 pg=0.013 H=0.65 | img ret=0.52 val=0.44 scale=2.46 p5=-0.50 p95=1.96 | r/step=0.0029 | 2.8 ips ETA 18m16
  iter  4950/8000 [61.9%] | WM wm=23.96 rec=17.43 kl=6.39 rew=0.135 con=0.014 | AC act=-0.000 crit=1.725 pg=0.000 H=0.67 | img ret=0.54 val=0.54 scale=2.45 p5=-0.49 p95=1.96 | r/step=0.0116 | 2.8 ips ETA 17m57
  iter  5000/8000 [62.5%] | WM wm=24.02 rec=17.74 kl=6.20 rew=0.069 con=0.007 | AC act=-0.001 crit=1.763 pg=-0.001 H=0.67 | img ret=0.45 val=0.44 scale=2.47 p5=-0.51 p95=1.96 | r/step=0.0088 | 2.8 ips ETA 17m37
  >>> EVAL @ iter 5000 : score=1.60  length=170  achievements=2.50 ↓  sample=2.60  (best=3.90 @2000)
      unlocked (4/22): collect_sapling=100%  wake_up=100%  place_plant=30%  collect_wood=20%
  Checkpoint saved : dreamer_crafter_jax_v20b-gamma0997-8k_iter005000.npz
  iter  5050/8000 [63.1%] | WM wm=38.31 rec=28.97 kl=9.22 rew=0.119 con=0.008 | AC act=-0.004 crit=1.693 pg=-0.003 H=0.68 | img ret=0.75 val=0.76 scale=2.46 p5=-0.51 p95=1.95 | r/step=0.0081 | 2.8 ips ETA 17m35
  iter  5100/8000 [63.8%] | WM wm=32.00 rec=23.72 kl=8.12 rew=0.149 con=0.014 | AC act=-0.003 crit=1.661 pg=-0.003 H=0.66 | img ret=0.49 val=0.51 scale=2.44 p5=-0.51 p95=1.94 | r/step=0.0094 | 2.8 ips ETA 17m14
  iter  5150/8000 [64.4%] | WM wm=24.98 rec=18.24 kl=6.56 rew=0.168 con=0.012 | AC act=-0.006 crit=1.736 pg=-0.006 H=0.73 | img ret=0.54 val=0.56 scale=2.44 p5=-0.52 p95=1.92 | r/step=0.0188 | 2.8 ips ETA 16m55
  iter  5200/8000 [65.0%] | WM wm=23.45 rec=16.25 kl=7.09 rew=0.106 con=0.009 | AC act=0.008 crit=1.865 pg=0.008 H=0.72 | img ret=0.66 val=0.59 scale=2.45 p5=-0.52 p95=1.93 | r/step=0.0057 | 2.8 ips ETA 16m36
  iter  5250/8000 [65.6%] | WM wm=23.70 rec=16.83 kl=6.71 rew=0.147 con=0.016 | AC act=-0.002 crit=1.795 pg=-0.002 H=0.72 | img ret=0.37 val=0.37 scale=2.47 p5=-0.53 p95=1.94 | r/step=0.0040 | 2.8 ips ETA 16m15
  iter  5300/8000 [66.2%] | WM wm=27.25 rec=19.26 kl=7.81 rew=0.174 con=0.014 | AC act=-0.003 crit=1.631 pg=-0.003 H=0.70 | img ret=0.70 val=0.71 scale=2.49 p5=-0.53 p95=1.96 | r/step=0.0128 | 2.8 ips ETA 15m56
  iter  5350/8000 [66.9%] | WM wm=24.88 rec=17.57 kl=7.23 rew=0.076 con=0.008 | AC act=-0.005 crit=1.744 pg=-0.005 H=0.69 | img ret=0.58 val=0.58 scale=2.47 p5=-0.52 p95=1.95 | r/step=0.0069 | 2.8 ips ETA 15m36
  iter  5400/8000 [67.5%] | WM wm=21.66 rec=14.70 kl=6.86 rew=0.093 con=0.012 | AC act=-0.002 crit=1.788 pg=-0.002 H=0.76 | img ret=0.29 val=0.29 scale=2.48 p5=-0.52 p95=1.96 | r/step=0.0108 | 2.8 ips ETA 15m17
  iter  5450/8000 [68.1%] | WM wm=26.56 rec=18.96 kl=7.49 rew=0.115 con=0.005 | AC act=-0.007 crit=1.601 pg=-0.006 H=0.75 | img ret=0.46 val=0.48 scale=2.47 p5=-0.51 p95=1.95 | r/step=0.0086 | 2.8 ips ETA 14m59
  iter  5500/8000 [68.8%] | WM wm=33.81 rec=25.41 kl=8.25 rew=0.146 con=0.005 | AC act=-0.004 crit=1.677 pg=-0.003 H=0.68 | img ret=0.76 val=0.76 scale=2.48 p5=-0.51 p95=1.97 | r/step=0.0125 | 2.8 ips ETA 14m40
  >>> EVAL @ iter 5500 : score=1.60  length=193  achievements=2.50 =  sample=2.20  (best=3.90 @2000)
      unlocked (5/22): collect_sapling=100%  wake_up=100%  place_plant=30%  collect_drink=10%  collect_wood=10%
  Checkpoint saved : dreamer_crafter_jax_v20b-gamma0997-8k_iter005500.npz
  iter  5550/8000 [69.4%] | WM wm=22.93 rec=16.32 kl=6.49 rew=0.113 con=0.009 | AC act=-0.001 crit=1.663 pg=-0.001 H=0.71 | img ret=0.74 val=0.73 scale=2.48 p5=-0.50 p95=1.98 | r/step=0.0104 | 2.8 ips ETA 14m32
  iter  5600/8000 [70.0%] | WM wm=26.33 rec=18.41 kl=7.85 rew=0.072 con=0.005 | AC act=-0.008 crit=1.638 pg=-0.008 H=0.66 | img ret=0.51 val=0.53 scale=2.49 p5=-0.51 p95=1.98 | r/step=0.0106 | 2.8 ips ETA 14m13
  iter  5650/8000 [70.6%] | WM wm=28.06 rec=19.76 kl=8.13 rew=0.156 con=0.009 | AC act=-0.003 crit=2.045 pg=-0.003 H=0.69 | img ret=0.50 val=0.49 scale=2.50 p5=-0.51 p95=1.99 | r/step=0.0129 | 2.8 ips ETA 13m55
  iter  5700/8000 [71.2%] | WM wm=23.31 rec=15.23 kl=7.94 rew=0.128 con=0.011 | AC act=-0.003 crit=1.729 pg=-0.003 H=0.69 | img ret=0.31 val=0.31 scale=2.51 p5=-0.52 p95=1.99 | r/step=0.0038 | 2.8 ips ETA 13m37
  iter  5750/8000 [71.9%] | WM wm=29.43 rec=21.61 kl=7.71 rew=0.101 con=0.008 | AC act=0.006 crit=1.878 pg=0.006 H=0.76 | img ret=0.44 val=0.41 scale=2.52 p5=-0.53 p95=1.99 | r/step=0.0078 | 2.8 ips ETA 13m18
  iter  5800/8000 [72.5%] | WM wm=23.55 rec=16.14 kl=7.29 rew=0.106 con=0.013 | AC act=-0.007 crit=1.663 pg=-0.007 H=0.77 | img ret=0.65 val=0.67 scale=2.51 p5=-0.52 p95=1.99 | r/step=0.0127 | 2.8 ips ETA 12m59
  iter  5850/8000 [73.1%] | WM wm=28.53 rec=20.30 kl=8.00 rew=0.215 con=0.020 | AC act=-0.004 crit=1.667 pg=-0.003 H=0.82 | img ret=0.52 val=0.53 scale=2.51 p5=-0.52 p95=1.99 | r/step=0.0091 | 2.8 ips ETA 12m40
  iter  5900/8000 [73.8%] | WM wm=26.54 rec=18.58 kl=7.84 rew=0.126 con=0.006 | AC act=-0.002 crit=1.740 pg=-0.002 H=0.87 | img ret=0.58 val=0.57 scale=2.50 p5=-0.51 p95=1.99 | r/step=0.0114 | 2.8 ips ETA 12m22
  iter  5950/8000 [74.4%] | WM wm=24.67 rec=17.21 kl=7.34 rew=0.110 con=0.004 | AC act=0.012 crit=1.986 pg=0.012 H=0.75 | img ret=0.40 val=0.35 scale=2.53 p5=-0.51 p95=2.02 | r/step=0.0213 | 2.8 ips ETA 12m05
  iter  6000/8000 [75.0%] | WM wm=23.86 rec=16.18 kl=7.51 rew=0.159 con=0.017 | AC act=-0.000 crit=1.589 pg=0.000 H=0.72 | img ret=0.71 val=0.71 scale=2.53 p5=-0.50 p95=2.03 | r/step=0.0191 | 2.8 ips ETA 11m45
  >>> EVAL @ iter 6000 : score=2.90  length=195  achievements=3.80 ↑  sample=4.40  (best=3.90 @2000)
      unlocked (6/22): collect_sapling=100%  place_plant=100%  wake_up=100%  collect_wood=60%  collect_drink=10%  eat_cow=10%
  Checkpoint saved : dreamer_crafter_jax_v20b-gamma0997-8k_iter006000.npz
  iter  6050/8000 [75.6%] | WM wm=28.24 rec=20.20 kl=7.89 rew=0.143 con=0.012 | AC act=0.001 crit=1.924 pg=0.001 H=0.70 | img ret=0.51 val=0.49 scale=2.56 p5=-0.49 p95=2.07 | r/step=0.0175 | 2.8 ips ETA 11m35
  iter  6100/8000 [76.2%] | WM wm=26.90 rec=18.76 kl=7.97 rew=0.150 con=0.016 | AC act=0.001 crit=1.620 pg=0.001 H=0.78 | img ret=0.57 val=0.55 scale=2.57 p5=-0.49 p95=2.08 | r/step=0.0175 | 2.8 ips ETA 11m16
  iter  6150/8000 [76.9%] | WM wm=29.45 rec=20.50 kl=8.75 rew=0.178 con=0.016 | AC act=-0.001 crit=1.582 pg=-0.001 H=0.71 | img ret=0.79 val=0.79 scale=2.59 p5=-0.49 p95=2.10 | r/step=0.0110 | 2.8 ips ETA 10m57
  iter  6200/8000 [77.5%] | WM wm=31.54 rec=22.42 kl=9.07 rew=0.051 con=0.002 | AC act=-0.002 crit=1.687 pg=-0.002 H=0.69 | img ret=0.66 val=0.64 scale=2.59 p5=-0.47 p95=2.12 | r/step=0.0088 | 2.8 ips ETA 10m39
  iter  6250/8000 [78.1%] | WM wm=24.34 rec=16.55 kl=7.66 rew=0.120 con=0.006 | AC act=0.008 crit=1.707 pg=0.008 H=0.65 | img ret=0.79 val=0.76 scale=2.59 p5=-0.47 p95=2.12 | r/step=0.0130 | 2.8 ips ETA 10m20
  iter  6300/8000 [78.8%] | WM wm=24.88 rec=17.00 kl=7.74 rew=0.130 con=0.010 | AC act=-0.007 crit=1.855 pg=-0.007 H=0.69 | img ret=0.56 val=0.58 scale=2.61 p5=-0.47 p95=2.14 | r/step=0.0106 | 2.8 ips ETA 10m02
  iter  6350/8000 [79.4%] | WM wm=32.36 rec=24.00 kl=8.22 rew=0.131 con=0.004 | AC act=-0.003 crit=1.787 pg=-0.003 H=0.67 | img ret=0.77 val=0.77 scale=2.62 p5=-0.47 p95=2.15 | r/step=0.0155 | 2.8 ips ETA 9m44
  iter  6400/8000 [80.0%] | WM wm=28.93 rec=20.69 kl=8.10 rew=0.132 con=0.008 | AC act=-0.001 crit=1.616 pg=-0.001 H=0.66 | img ret=0.69 val=0.68 scale=2.65 p5=-0.48 p95=2.17 | r/step=0.0144 | 2.8 ips ETA 9m25
  iter  6450/8000 [80.6%] | WM wm=24.21 rec=16.47 kl=7.62 rew=0.112 con=0.007 | AC act=0.006 crit=1.779 pg=0.006 H=0.71 | img ret=0.63 val=0.60 scale=2.65 p5=-0.48 p95=2.17 | r/step=0.0194 | 2.8 ips ETA 9m07
  iter  6500/8000 [81.2%] | WM wm=23.77 rec=16.27 kl=7.37 rew=0.119 con=0.011 | AC act=-0.003 crit=1.690 pg=-0.003 H=0.64 | img ret=0.74 val=0.73 scale=2.65 p5=-0.47 p95=2.18 | r/step=0.0119 | 2.8 ips ETA 8m49
  >>> EVAL @ iter 6500 : score=2.90  length=191  achievements=3.80 =  sample=4.20  (best=3.90 @2000)
      unlocked (5/22): collect_sapling=100%  place_plant=100%  wake_up=100%  collect_wood=70%  collect_drink=10%
  Checkpoint saved : dreamer_crafter_jax_v20b-gamma0997-8k_iter006500.npz
  iter  6550/8000 [81.9%] | WM wm=28.03 rec=20.02 kl=7.88 rew=0.122 con=0.007 | AC act=-0.007 crit=1.698 pg=-0.007 H=0.60 | img ret=0.64 val=0.66 scale=2.65 p5=-0.46 p95=2.19 | r/step=0.0178 | 2.8 ips ETA 8m36
  iter  6600/8000 [82.5%] | WM wm=24.94 rec=17.27 kl=7.60 rew=0.066 con=0.003 | AC act=0.002 crit=1.720 pg=0.003 H=0.60 | img ret=0.79 val=0.77 scale=2.66 p5=-0.47 p95=2.19 | r/step=0.0174 | 2.8 ips ETA 8m18
  iter  6650/8000 [83.1%] | WM wm=27.04 rec=18.29 kl=8.64 rew=0.099 con=0.008 | AC act=-0.006 crit=1.574 pg=-0.006 H=0.60 | img ret=0.81 val=0.84 scale=2.66 p5=-0.46 p95=2.20 | r/step=0.0146 | 2.8 ips ETA 8m00
  iter  6700/8000 [83.8%] | WM wm=27.21 rec=18.92 kl=8.20 rew=0.082 con=0.003 | AC act=-0.001 crit=1.717 pg=-0.001 H=0.66 | img ret=0.29 val=0.28 scale=2.68 p5=-0.46 p95=2.21 | r/step=0.0184 | 2.8 ips ETA 7m41
  iter  6750/8000 [84.4%] | WM wm=25.01 rec=17.07 kl=7.83 rew=0.099 con=0.007 | AC act=-0.010 crit=1.845 pg=-0.010 H=0.63 | img ret=0.52 val=0.55 scale=2.70 p5=-0.47 p95=2.23 | r/step=0.0100 | 2.8 ips ETA 7m23
  iter  6800/8000 [85.0%] | WM wm=18.13 rec=11.69 kl=6.28 rew=0.152 con=0.008 | AC act=-0.003 crit=1.702 pg=-0.003 H=0.52 | img ret=0.69 val=0.70 scale=2.70 p5=-0.47 p95=2.23 | r/step=0.0180 | 2.8 ips ETA 7m05
  iter  6850/8000 [85.6%] | WM wm=24.83 rec=16.65 kl=8.02 rew=0.155 con=0.011 | AC act=0.013 crit=2.062 pg=0.013 H=0.70 | img ret=0.44 val=0.35 scale=2.71 p5=-0.48 p95=2.23 | r/step=0.0162 | 2.8 ips ETA 6m47
  iter  6900/8000 [86.2%] | WM wm=25.82 rec=17.76 kl=7.93 rew=0.122 con=0.009 | AC act=0.008 crit=1.889 pg=0.009 H=0.61 | img ret=0.73 val=0.69 scale=2.71 p5=-0.47 p95=2.23 | r/step=0.0131 | 2.8 ips ETA 6m29
  iter  6950/8000 [86.9%] | WM wm=28.44 rec=19.97 kl=8.32 rew=0.138 con=0.014 | AC act=0.001 crit=1.664 pg=0.001 H=0.69 | img ret=0.63 val=0.62 scale=2.70 p5=-0.47 p95=2.23 | r/step=0.0175 | 2.8 ips ETA 6m11
  iter  7000/8000 [87.5%] | WM wm=24.50 rec=16.18 kl=8.19 rew=0.127 con=0.003 | AC act=-0.000 crit=1.644 pg=0.000 H=0.58 | img ret=0.47 val=0.47 scale=2.69 p5=-0.47 p95=2.22 | r/step=0.0116 | 2.8 ips ETA 5m53
  >>> EVAL @ iter 7000 : score=2.70  length=202  achievements=3.60 ↓  sample=2.80  (best=3.90 @2000)
      unlocked (5/22): collect_sapling=100%  place_plant=100%  wake_up=100%  collect_wood=50%  collect_drink=10%
  Checkpoint saved : dreamer_crafter_jax_v20b-gamma0997-8k_iter007000.npz
  iter  7050/8000 [88.1%] | WM wm=23.41 rec=15.66 kl=7.58 rew=0.160 con=0.014 | AC act=-0.001 crit=1.693 pg=-0.001 H=0.57 | img ret=0.50 val=0.50 scale=2.70 p5=-0.47 p95=2.22 | r/step=0.0155 | 2.8 ips ETA 5m39
  iter  7100/8000 [88.8%] | WM wm=31.17 rec=21.30 kl=9.70 rew=0.163 con=0.007 | AC act=-0.004 crit=1.627 pg=-0.004 H=0.59 | img ret=0.53 val=0.55 scale=2.68 p5=-0.47 p95=2.21 | r/step=0.0173 | 2.8 ips ETA 5m21
  iter  7150/8000 [89.4%] | WM wm=24.79 rec=16.50 kl=8.13 rew=0.141 con=0.015 | AC act=-0.000 crit=1.481 pg=-0.000 H=0.76 | img ret=0.51 val=0.51 scale=2.66 p5=-0.48 p95=2.18 | r/step=0.0223 | 2.8 ips ETA 5m03
  iter  7200/8000 [90.0%] | WM wm=23.78 rec=15.18 kl=8.46 rew=0.125 con=0.007 | AC act=-0.004 crit=1.727 pg=-0.004 H=0.71 | img ret=0.46 val=0.48 scale=2.66 p5=-0.48 p95=2.18 | r/step=0.0065 | 2.8 ips ETA 4m45
  iter  7250/8000 [90.6%] | WM wm=34.39 rec=25.45 kl=8.82 rew=0.111 con=0.009 | AC act=-0.009 crit=1.500 pg=-0.009 H=0.68 | img ret=0.59 val=0.63 scale=2.63 p5=-0.47 p95=2.15 | r/step=0.0160 | 2.8 ips ETA 4m27
  iter  7300/8000 [91.2%] | WM wm=28.02 rec=19.93 kl=7.95 rew=0.134 con=0.011 | AC act=-0.002 crit=1.734 pg=-0.002 H=0.64 | img ret=0.42 val=0.41 scale=2.61 p5=-0.48 p95=2.13 | r/step=0.0108 | 2.8 ips ETA 4m09
  iter  7350/8000 [91.9%] | WM wm=27.77 rec=19.49 kl=8.18 rew=0.093 con=0.005 | AC act=-0.008 crit=1.530 pg=-0.008 H=0.57 | img ret=0.77 val=0.81 scale=2.60 p5=-0.48 p95=2.12 | r/step=0.0235 | 2.8 ips ETA 3m50
  iter  7400/8000 [92.5%] | WM wm=27.83 rec=18.98 kl=8.70 rew=0.144 con=0.009 | AC act=-0.001 crit=1.613 pg=-0.001 H=0.70 | img ret=0.19 val=0.19 scale=2.59 p5=-0.48 p95=2.11 | r/step=0.0148 | 2.8 ips ETA 3m32
  iter  7450/8000 [93.1%] | WM wm=28.53 rec=20.16 kl=8.26 rew=0.105 con=0.003 | AC act=-0.002 crit=1.675 pg=-0.001 H=0.65 | img ret=0.48 val=0.47 scale=2.57 p5=-0.48 p95=2.08 | r/step=0.0143 | 2.8 ips ETA 3m15
  iter  7500/8000 [93.8%] | WM wm=25.66 rec=17.17 kl=8.34 rew=0.131 con=0.014 | AC act=-0.007 crit=1.621 pg=-0.006 H=0.63 | img ret=0.39 val=0.41 scale=2.56 p5=-0.49 p95=2.07 | r/step=0.0165 | 2.8 ips ETA 2m57
  >>> EVAL @ iter 7500 : score=2.60  length=208  achievements=3.50 ↓  sample=4.40  (best=3.90 @2000)
      unlocked (6/22): collect_sapling=100%  place_plant=100%  wake_up=100%  collect_wood=30%  eat_cow=10%  place_table=10%
  Checkpoint saved : dreamer_crafter_jax_v20b-gamma0997-8k_iter007500.npz
  iter  7550/8000 [94.4%] | WM wm=23.53 rec=15.46 kl=7.91 rew=0.147 con=0.019 | AC act=-0.010 crit=1.859 pg=-0.009 H=0.65 | img ret=0.24 val=0.27 scale=2.54 p5=-0.49 p95=2.05 | r/step=0.0214 | 2.8 ips ETA 2m40
  iter  7600/8000 [95.0%] | WM wm=29.51 rec=20.28 kl=9.09 rew=0.136 con=0.010 | AC act=-0.001 crit=1.602 pg=-0.001 H=0.65 | img ret=0.43 val=0.43 scale=2.53 p5=-0.50 p95=2.03 | r/step=0.0084 | 2.8 ips ETA 2m22
  iter  7650/8000 [95.6%] | WM wm=33.11 rec=23.95 kl=9.09 rew=0.067 con=0.002 | AC act=-0.007 crit=1.674 pg=-0.007 H=0.65 | img ret=0.46 val=0.47 scale=2.50 p5=-0.48 p95=2.02 | r/step=0.0303 | 2.8 ips ETA 2m04
  iter  7700/8000 [96.2%] | WM wm=29.66 rec=20.44 kl=9.06 rew=0.155 con=0.007 | AC act=-0.006 crit=1.594 pg=-0.006 H=0.64 | img ret=0.34 val=0.36 scale=2.50 p5=-0.49 p95=2.01 | r/step=0.0152 | 2.8 ips ETA 1m46
  iter  7750/8000 [96.9%] | WM wm=30.38 rec=21.17 kl=9.03 rew=0.173 con=0.009 | AC act=-0.006 crit=1.744 pg=-0.005 H=0.72 | img ret=0.46 val=0.47 scale=2.50 p5=-0.50 p95=2.00 | r/step=0.0143 | 2.8 ips ETA 1m29
  iter  7800/8000 [97.5%] | WM wm=23.95 rec=16.12 kl=7.78 rew=0.053 con=0.001 | AC act=0.000 crit=1.589 pg=0.000 H=0.66 | img ret=0.23 val=0.23 scale=2.48 p5=-0.49 p95=1.99 | r/step=0.0189 | 2.8 ips ETA 1m11
  iter  7850/8000 [98.1%] | WM wm=25.54 rec=17.19 kl=8.23 rew=0.110 con=0.008 | AC act=-0.007 crit=1.792 pg=-0.007 H=0.55 | img ret=0.32 val=0.33 scale=2.47 p5=-0.50 p95=1.97 | r/step=0.0187 | 2.8 ips ETA 53s
  iter  7900/8000 [98.8%] | WM wm=23.38 rec=15.09 kl=8.16 rew=0.121 con=0.008 | AC act=0.000 crit=1.956 pg=0.000 H=0.54 | img ret=0.29 val=0.31 scale=2.46 p5=-0.50 p95=1.96 | r/step=0.0061 | 2.8 ips ETA 35s
  iter  7950/8000 [99.4%] | WM wm=25.55 rec=16.68 kl=8.78 rew=0.077 con=0.008 | AC act=-0.001 crit=1.649 pg=-0.001 H=0.57 | img ret=0.28 val=0.27 scale=2.42 p5=-0.49 p95=1.93 | r/step=0.0122 | 2.8 ips ETA 17s
  iter  8000/8000 [100.0%] | WM wm=28.41 rec=20.01 kl=8.27 rew=0.124 con=0.007 | AC act=-0.001 crit=1.701 pg=-0.001 H=0.53 | img ret=0.57 val=0.57 scale=2.40 p5=-0.50 p95=1.91 | r/step=0.0166 | 2.8 ips ETA 0s
  >>> EVAL @ iter 8000 : score=2.80  length=161  achievements=3.70 ↑  sample=4.40  (best=3.90 @2000)
      unlocked (5/22): collect_sapling=100%  place_plant=100%  wake_up=100%  collect_wood=60%  place_table=10%
  Checkpoint saved : dreamer_crafter_jax_v20b-gamma0997-8k_iter008000.npz

Training fini en 2861.2s (47.7min)
Best EVAL achievements : 3.90 @ iter 2000  (dernier : 3.70)

Final checkpoint : checkpoints/dreamer_crafter_jax_v20b-gamma0997-8k.npz

============================================================
DONE
============================================================

